The target system is: Generic -  - 
The host system is: Darwin - 23.3.0 - x86_64
Compiling the C compiler identification source file "CMakeCCompilerId.c" succeeded.
Compiler: /Users/senggee/.espressif/tools/riscv32-esp-elf/esp-12.2.0_20230208/riscv32-esp-elf/bin/riscv32-esp-elf-gcc 
Build flags: -march=rv32imac_zicsr_zifencei;
Id flags:  

The output was:
0


Compilation of the C compiler identification source "CMakeCCompilerId.c" produced "a.out"

The C compiler identification is GNU, found in "/Users/senggee/esp/hello_world/build/bootloader/CMakeFiles/3.24.4/CompilerIdC/a.out"

Compiling the CXX compiler identification source file "CMakeCXXCompilerId.cpp" succeeded.
Compiler: /Users/senggee/.espressif/tools/riscv32-esp-elf/esp-12.2.0_20230208/riscv32-esp-elf/bin/riscv32-esp-elf-g++ 
Build flags: -march=rv32imac_zicsr_zifencei;
Id flags:  

The output was:
0


Compilation of the CXX compiler identification source "CMakeCXXCompilerId.cpp" produced "a.out"

The CXX compiler identification is GNU, found in "/Users/senggee/esp/hello_world/build/bootloader/CMakeFiles/3.24.4/CompilerIdCXX/a.out"

Checking whether the ASM compiler is GNU using "--version" matched "(GNU assembler)|(GCC)|(Free Software Foundation)":
riscv32-esp-elf-gcc (crosstool-NG esp-12.2.0_20230208) 12.2.0
Copyright (C) 2022 Free Software Foundation, Inc.
This is free software; see the source for copying conditions.  There is NO
warranty; not even for MERCHANTABILITY or FITNESS FOR A PARTICULAR PURPOSE.

Detecting C compiler ABI info compiled with the following output:
Change Dir: /Users/senggee/esp/hello_world/build/bootloader/CMakeFiles/CMakeTmp

Run Build Command(s):/usr/local/bin/ninja cmTC_32a7f && [1/2] Building C object CMakeFiles/cmTC_32a7f.dir/CMakeCCompilerABI.c.obj
Using built-in specs.
COLLECT_GCC=/Users/senggee/.espressif/tools/riscv32-esp-elf/esp-12.2.0_20230208/riscv32-esp-elf/bin/riscv32-esp-elf-gcc
Target: riscv32-esp-elf
Configured with: /builds/idf/crosstool-NG/.build/HOST-x86_64-apple-darwin12/riscv32-esp-elf/src/gcc/configure --build=x86_64-build_pc-linux-gnu --host=x86_64-host_apple-darwin12 --target=riscv32-esp-elf --prefix=/builds/idf/crosstool-NG/builds/riscv32-esp-elf --exec_prefix=/builds/idf/crosstool-NG/builds/riscv32-esp-elf --with-local-prefix=/builds/idf/crosstool-NG/builds/riscv32-esp-elf/riscv32-esp-elf --with-headers=/builds/idf/crosstool-NG/builds/riscv32-esp-elf/riscv32-esp-elf/include --with-newlib --enable-threads=no --disable-shared --with-arch=rv32gc --with-abi=ilp32 --with-pkgversion='crosstool-NG esp-12.2.0_20230208' --disable-__cxa_atexit --enable-cxx-flags=-ffunction-sections --disable-libgomp --disable-libmudflap --disable-libmpx --disable-libssp --disable-libquadmath --disable-libquadmath-support --disable-libstdcxx-verbose --with-gmp=/builds/idf/crosstool-NG/.build/HOST-x86_64-apple-darwin12/riscv32-esp-elf/buildtools/complibs-host --with-mpfr=/builds/idf/crosstool-NG/.build/HOST-x86_64-apple-darwin12/riscv32-esp-elf/buildtools/complibs-host --with-mpc=/builds/idf/crosstool-NG/.build/HOST-x86_64-apple-darwin12/riscv32-esp-elf/buildtools/complibs-host --with-isl=/builds/idf/crosstool-NG/.build/HOST-x86_64-apple-darwin12/riscv32-esp-elf/buildtools/complibs-host --enable-lto --enable-target-optspace --without-long-double-128 --disable-nls --enable-multiarch --enable-languages=c,c++ --disable-libstdcxx-verbose --enable-threads=posix --enable-gcov-custom-rtio --enable-libstdcxx-time=yes
Thread model: posix
Supported LTO compression algorithms: zlib
gcc version 12.2.0 (crosstool-NG esp-12.2.0_20230208) 
COLLECT_GCC_OPTIONS='-march=rv32imac_zicsr_zifencei' '-v' '-o' 'CMakeFiles/cmTC_32a7f.dir/CMakeCCompilerABI.c.obj' '-c' '-mabi=ilp32' '-misa-spec=20191213' '-march=rv32imac_zicsr_zifencei' '-dumpdir' 'CMakeFiles/cmTC_32a7f.dir/'
 /Users/senggee/.espressif/tools/riscv32-esp-elf/esp-12.2.0_20230208/riscv32-esp-elf/bin/../libexec/gcc/riscv32-esp-elf/12.2.0/cc1 -quiet -v -imultilib rv32imac_zicsr_zifencei/ilp32 -iprefix /Users/senggee/.espressif/tools/riscv32-esp-elf/esp-12.2.0_20230208/riscv32-esp-elf/bin/../lib/gcc/riscv32-esp-elf/12.2.0/ /opt/local/share/cmake-3.24/Modules/CMakeCCompilerABI.c -quiet -dumpdir CMakeFiles/cmTC_32a7f.dir/ -dumpbase CMakeCCompilerABI.c.c -dumpbase-ext .c -march=rv32imac_zicsr_zifencei -mabi=ilp32 -misa-spec=20191213 -march=rv32imac_zicsr_zifencei -version -o /var/folders/27/v96qwkv50tx7zlp5zw4mrlc80000gn/T//ccGU6t80.s
GNU C17 (crosstool-NG esp-12.2.0_20230208) version 12.2.0 (riscv32-esp-elf)
	compiled by GNU C version 8.3.0, GMP version 6.2.1, MPFR version 4.1.0, MPC version 1.2.1, isl version isl-0.24-GMP

GGC heuristics: --param ggc-min-expand=100 --param ggc-min-heapsize=131072
ignoring duplicate directory "/Users/senggee/.espressif/tools/riscv32-esp-elf/esp-12.2.0_20230208/riscv32-esp-elf/bin/../lib/gcc/../../lib/gcc/riscv32-esp-elf/12.2.0/include"
ignoring duplicate directory "/Users/senggee/.espressif/tools/riscv32-esp-elf/esp-12.2.0_20230208/riscv32-esp-elf/bin/../lib/gcc/../../lib/gcc/riscv32-esp-elf/12.2.0/include-fixed"
ignoring duplicate directory "/Users/senggee/.espressif/tools/riscv32-esp-elf/esp-12.2.0_20230208/riscv32-esp-elf/bin/../lib/gcc/../../lib/gcc/riscv32-esp-elf/12.2.0/../../../../riscv32-esp-elf/sys-include"
ignoring duplicate directory "/Users/senggee/.espressif/tools/riscv32-esp-elf/esp-12.2.0_20230208/riscv32-esp-elf/bin/../lib/gcc/../../lib/gcc/riscv32-esp-elf/12.2.0/../../../../riscv32-esp-elf/include"
#include "..." search starts here:
#include <...> search starts here:
 /Users/senggee/.espressif/tools/riscv32-esp-elf/esp-12.2.0_20230208/riscv32-esp-elf/bin/../lib/gcc/riscv32-esp-elf/12.2.0/include
 /Users/senggee/.espressif/tools/riscv32-esp-elf/esp-12.2.0_20230208/riscv32-esp-elf/bin/../lib/gcc/riscv32-esp-elf/12.2.0/include-fixed
 /Users/senggee/.espressif/tools/riscv32-esp-elf/esp-12.2.0_20230208/riscv32-esp-elf/bin/../lib/gcc/riscv32-esp-elf/12.2.0/../../../../riscv32-esp-elf/sys-include
 /Users/senggee/.espressif/tools/riscv32-esp-elf/esp-12.2.0_20230208/riscv32-esp-elf/bin/../lib/gcc/riscv32-esp-elf/12.2.0/../../../../riscv32-esp-elf/include
End of search list.
GNU C17 (crosstool-NG esp-12.2.0_20230208) version 12.2.0 (riscv32-esp-elf)
	compiled by GNU C version 8.3.0, GMP version 6.2.1, MPFR version 4.1.0, MPC version 1.2.1, isl version isl-0.24-GMP

GGC heuristics: --param ggc-min-expand=100 --param ggc-min-heapsize=131072
Compiler executable checksum: 477c8db8ad4c43457bcdc8f248de452c
COLLECT_GCC_OPTIONS='-march=rv32imac_zicsr_zifencei' '-v' '-o' 'CMakeFiles/cmTC_32a7f.dir/CMakeCCompilerABI.c.obj' '-c' '-mabi=ilp32' '-misa-spec=20191213' '-march=rv32imac_zicsr_zifencei' '-dumpdir' 'CMakeFiles/cmTC_32a7f.dir/'
 /Users/senggee/.espressif/tools/riscv32-esp-elf/esp-12.2.0_20230208/riscv32-esp-elf/bin/../lib/gcc/riscv32-esp-elf/12.2.0/../../../../riscv32-esp-elf/bin/as -v --traditional-format -march=rv32imac_zicsr_zifencei -march=rv32imac_zicsr_zifencei -mabi=ilp32 -misa-spec=20191213 -o CMakeFiles/cmTC_32a7f.dir/CMakeCCompilerABI.c.obj /var/folders/27/v96qwkv50tx7zlp5zw4mrlc80000gn/T//ccGU6t80.s
GNU assembler version 2.39.0 (riscv32-esp-elf) using BFD version (crosstool-NG esp-12.2.0_20230208) 2.39.0.20220915
COMPILER_PATH=/Users/senggee/.espressif/tools/riscv32-esp-elf/esp-12.2.0_20230208/riscv32-esp-elf/bin/../libexec/gcc/riscv32-esp-elf/12.2.0/:/Users/senggee/.espressif/tools/riscv32-esp-elf/esp-12.2.0_20230208/riscv32-esp-elf/bin/../libexec/gcc/:/Users/senggee/.espressif/tools/riscv32-esp-elf/esp-12.2.0_20230208/riscv32-esp-elf/bin/../lib/gcc/riscv32-esp-elf/12.2.0/../../../../riscv32-esp-elf/bin/
LIBRARY_PATH=/Users/senggee/.espressif/tools/riscv32-esp-elf/esp-12.2.0_20230208/riscv32-esp-elf/bin/../lib/gcc/riscv32-esp-elf/12.2.0/rv32imac_zicsr_zifencei/ilp32/:/Users/senggee/.espressif/tools/riscv32-esp-elf/esp-12.2.0_20230208/riscv32-esp-elf/bin/../lib/gcc/riscv32-esp-elf/12.2.0/../../../../riscv32-esp-elf/lib/rv32imac_zicsr_zifencei/ilp32/:/Users/senggee/.espressif/tools/riscv32-esp-elf/esp-12.2.0_20230208/riscv32-esp-elf/bin/../lib/gcc/riscv32-esp-elf/12.2.0/:/Users/senggee/.espressif/tools/riscv32-esp-elf/esp-12.2.0_20230208/riscv32-esp-elf/bin/../lib/gcc/:/Users/senggee/.espressif/tools/riscv32-esp-elf/esp-12.2.0_20230208/riscv32-esp-elf/bin/../lib/gcc/riscv32-esp-elf/12.2.0/../../../../riscv32-esp-elf/lib/
COLLECT_GCC_OPTIONS='-march=rv32imac_zicsr_zifencei' '-v' '-o' 'CMakeFiles/cmTC_32a7f.dir/CMakeCCompilerABI.c.obj' '-c' '-mabi=ilp32' '-misa-spec=20191213' '-march=rv32imac_zicsr_zifencei' '-dumpdir' 'CMakeFiles/cmTC_32a7f.dir/CMakeCCompilerABI.c.'
[2/2] Linking C executable cmTC_32a7f
Using built-in specs.
Reading specs from /Users/senggee/.espressif/tools/riscv32-esp-elf/esp-12.2.0_20230208/riscv32-esp-elf/bin/../lib/gcc/riscv32-esp-elf/12.2.0/../../../../riscv32-esp-elf/lib/nosys.specs
rename spec link_gcc_c_sequence to nosys_link_gcc_c_sequence
COLLECT_GCC=/Users/senggee/.espressif/tools/riscv32-esp-elf/esp-12.2.0_20230208/riscv32-esp-elf/bin/riscv32-esp-elf-gcc
COLLECT_LTO_WRAPPER=/Users/senggee/.espressif/tools/riscv32-esp-elf/esp-12.2.0_20230208/riscv32-esp-elf/bin/../libexec/gcc/riscv32-esp-elf/12.2.0/lto-wrapper
Target: riscv32-esp-elf
Configured with: /builds/idf/crosstool-NG/.build/HOST-x86_64-apple-darwin12/riscv32-esp-elf/src/gcc/configure --build=x86_64-build_pc-linux-gnu --host=x86_64-host_apple-darwin12 --target=riscv32-esp-elf --prefix=/builds/idf/crosstool-NG/builds/riscv32-esp-elf --exec_prefix=/builds/idf/crosstool-NG/builds/riscv32-esp-elf --with-local-prefix=/builds/idf/crosstool-NG/builds/riscv32-esp-elf/riscv32-esp-elf --with-headers=/builds/idf/crosstool-NG/builds/riscv32-esp-elf/riscv32-esp-elf/include --with-newlib --enable-threads=no --disable-shared --with-arch=rv32gc --with-abi=ilp32 --with-pkgversion='crosstool-NG esp-12.2.0_20230208' --disable-__cxa_atexit --enable-cxx-flags=-ffunction-sections --disable-libgomp --disable-libmudflap --disable-libmpx --disable-libssp --disable-libquadmath --disable-libquadmath-support --disable-libstdcxx-verbose --with-gmp=/builds/idf/crosstool-NG/.build/HOST-x86_64-apple-darwin12/riscv32-esp-elf/buildtools/complibs-host --with-mpfr=/builds/idf/crosstool-NG/.build/HOST-x86_64-apple-darwin12/riscv32-esp-elf/buildtools/complibs-host --with-mpc=/builds/idf/crosstool-NG/.build/HOST-x86_64-apple-darwin12/riscv32-esp-elf/buildtools/complibs-host --with-isl=/builds/idf/crosstool-NG/.build/HOST-x86_64-apple-darwin12/riscv32-esp-elf/buildtools/complibs-host --enable-lto --enable-target-optspace --without-long-double-128 --disable-nls --enable-multiarch --enable-languages=c,c++ --disable-libstdcxx-verbose --enable-threads=posix --enable-gcov-custom-rtio --enable-libstdcxx-time=yes
Thread model: posix
Supported LTO compression algorithms: zlib
gcc version 12.2.0 (crosstool-NG esp-12.2.0_20230208) 
COMPILER_PATH=/Users/senggee/.espressif/tools/riscv32-esp-elf/esp-12.2.0_20230208/riscv32-esp-elf/bin/../libexec/gcc/riscv32-esp-elf/12.2.0/:/Users/senggee/.espressif/tools/riscv32-esp-elf/esp-12.2.0_20230208/riscv32-esp-elf/bin/../libexec/gcc/:/Users/senggee/.espressif/tools/riscv32-esp-elf/esp-12.2.0_20230208/riscv32-esp-elf/bin/../lib/gcc/riscv32-esp-elf/12.2.0/../../../../riscv32-esp-elf/bin/
LIBRARY_PATH=/Users/senggee/.espressif/tools/riscv32-esp-elf/esp-12.2.0_20230208/riscv32-esp-elf/bin/../lib/gcc/riscv32-esp-elf/12.2.0/rv32imac_zicsr_zifencei/ilp32/:/Users/senggee/.espressif/tools/riscv32-esp-elf/esp-12.2.0_20230208/riscv32-esp-elf/bin/../lib/gcc/riscv32-esp-elf/12.2.0/../../../../riscv32-esp-elf/lib/rv32imac_zicsr_zifencei/ilp32/:/Users/senggee/.espressif/tools/riscv32-esp-elf/esp-12.2.0_20230208/riscv32-esp-elf/bin/../lib/gcc/riscv32-esp-elf/12.2.0/:/Users/senggee/.espressif/tools/riscv32-esp-elf/esp-12.2.0_20230208/riscv32-esp-elf/bin/../lib/gcc/:/Users/senggee/.espressif/tools/riscv32-esp-elf/esp-12.2.0_20230208/riscv32-esp-elf/bin/../lib/gcc/riscv32-esp-elf/12.2.0/../../../../riscv32-esp-elf/lib/
COLLECT_GCC_OPTIONS='-nostartfiles' '-march=rv32imac_zicsr_zifencei' '-specs=nosys.specs' '-v' '-o' 'cmTC_32a7f' '-mabi=ilp32' '-misa-spec=20191213' '-march=rv32imac_zicsr_zifencei' '-dumpdir' 'cmTC_32a7f.'
 /Users/senggee/.espressif/tools/riscv32-esp-elf/esp-12.2.0_20230208/riscv32-esp-elf/bin/../libexec/gcc/riscv32-esp-elf/12.2.0/collect2 -plugin /Users/senggee/.espressif/tools/riscv32-esp-elf/esp-12.2.0_20230208/riscv32-esp-elf/bin/../libexec/gcc/riscv32-esp-elf/12.2.0/liblto_plugin.so -plugin-opt=/Users/senggee/.espressif/tools/riscv32-esp-elf/esp-12.2.0_20230208/riscv32-esp-elf/bin/../libexec/gcc/riscv32-esp-elf/12.2.0/lto-wrapper -plugin-opt=-fresolution=/var/folders/27/v96qwkv50tx7zlp5zw4mrlc80000gn/T//ccERaAdd.res -plugin-opt=-pass-through=-lgcc -plugin-opt=-pass-through=-lc -plugin-opt=-pass-through=-lnosys -plugin-opt=-pass-through=-lc -plugin-opt=-pass-through=-lgcc -plugin-opt=-pass-through=-lgcc -plugin-opt=-pass-through=-lc -plugin-opt=-pass-through=-lnosys -melf32lriscv -o cmTC_32a7f -L/Users/senggee/.espressif/tools/riscv32-esp-elf/esp-12.2.0_20230208/riscv32-esp-elf/bin/../lib/gcc/riscv32-esp-elf/12.2.0/rv32imac_zicsr_zifencei/ilp32 -L/Users/senggee/.espressif/tools/riscv32-esp-elf/esp-12.2.0_20230208/riscv32-esp-elf/bin/../lib/gcc/riscv32-esp-elf/12.2.0/../../../../riscv32-esp-elf/lib/rv32imac_zicsr_zifencei/ilp32 -L/Users/senggee/.espressif/tools/riscv32-esp-elf/esp-12.2.0_20230208/riscv32-esp-elf/bin/../lib/gcc/riscv32-esp-elf/12.2.0 -L/Users/senggee/.espressif/tools/riscv32-esp-elf/esp-12.2.0_20230208/riscv32-esp-elf/bin/../lib/gcc -L/Users/senggee/.espressif/tools/riscv32-esp-elf/esp-12.2.0_20230208/riscv32-esp-elf/bin/../lib/gcc/riscv32-esp-elf/12.2.0/../../../../riscv32-esp-elf/lib CMakeFiles/cmTC_32a7f.dir/CMakeCCompilerABI.c.obj -lgcc -lc -lnosys -lc -lgcc --start-group -lgcc -lc -lnosys --end-group
/Users/senggee/.espressif/tools/riscv32-esp-elf/esp-12.2.0_20230208/riscv32-esp-elf/bin/../lib/gcc/riscv32-esp-elf/12.2.0/../../../../riscv32-esp-elf/bin/ld: warning: cannot find entry symbol _start; defaulting to 0000000000010074
COLLECT_GCC_OPTIONS='-nostartfiles' '-march=rv32imac_zicsr_zifencei' '-specs=nosys.specs' '-v' '-o' 'cmTC_32a7f' '-mabi=ilp32' '-misa-spec=20191213' '-march=rv32imac_zicsr_zifencei' '-dumpdir' 'cmTC_32a7f.'



Parsed C implicit include dir info from above output: rv=done
  found start of include info
  found start of implicit include info
    add: [/Users/senggee/.espressif/tools/riscv32-esp-elf/esp-12.2.0_20230208/riscv32-esp-elf/bin/../lib/gcc/riscv32-esp-elf/12.2.0/include]
    add: [/Users/senggee/.espressif/tools/riscv32-esp-elf/esp-12.2.0_20230208/riscv32-esp-elf/bin/../lib/gcc/riscv32-esp-elf/12.2.0/include-fixed]
    add: [/Users/senggee/.espressif/tools/riscv32-esp-elf/esp-12.2.0_20230208/riscv32-esp-elf/bin/../lib/gcc/riscv32-esp-elf/12.2.0/../../../../riscv32-esp-elf/sys-include]
    add: [/Users/senggee/.espressif/tools/riscv32-esp-elf/esp-12.2.0_20230208/riscv32-esp-elf/bin/../lib/gcc/riscv32-esp-elf/12.2.0/../../../../riscv32-esp-elf/include]
  end of search list found
  collapse include dir [/Users/senggee/.espressif/tools/riscv32-esp-elf/esp-12.2.0_20230208/riscv32-esp-elf/bin/../lib/gcc/riscv32-esp-elf/12.2.0/include] ==> [/Users/senggee/.espressif/tools/riscv32-esp-elf/esp-12.2.0_20230208/riscv32-esp-elf/lib/gcc/riscv32-esp-elf/12.2.0/include]
  collapse include dir [/Users/senggee/.espressif/tools/riscv32-esp-elf/esp-12.2.0_20230208/riscv32-esp-elf/bin/../lib/gcc/riscv32-esp-elf/12.2.0/include-fixed] ==> [/Users/senggee/.espressif/tools/riscv32-esp-elf/esp-12.2.0_20230208/riscv32-esp-elf/lib/gcc/riscv32-esp-elf/12.2.0/include-fixed]
  collapse include dir [/Users/senggee/.espressif/tools/riscv32-esp-elf/esp-12.2.0_20230208/riscv32-esp-elf/bin/../lib/gcc/riscv32-esp-elf/12.2.0/../../../../riscv32-esp-elf/sys-include] ==> [/Users/senggee/.espressif/tools/riscv32-esp-elf/esp-12.2.0_20230208/riscv32-esp-elf/riscv32-esp-elf/sys-include]
  collapse include dir [/Users/senggee/.espressif/tools/riscv32-esp-elf/esp-12.2.0_20230208/riscv32-esp-elf/bin/../lib/gcc/riscv32-esp-elf/12.2.0/../../../../riscv32-esp-elf/include] ==> [/Users/senggee/.espressif/tools/riscv32-esp-elf/esp-12.2.0_20230208/riscv32-esp-elf/riscv32-esp-elf/include]
  implicit include dirs: [/Users/senggee/.espressif/tools/riscv32-esp-elf/esp-12.2.0_20230208/riscv32-esp-elf/lib/gcc/riscv32-esp-elf/12.2.0/include;/Users/senggee/.espressif/tools/riscv32-esp-elf/esp-12.2.0_20230208/riscv32-esp-elf/lib/gcc/riscv32-esp-elf/12.2.0/include-fixed;/Users/senggee/.espressif/tools/riscv32-esp-elf/esp-12.2.0_20230208/riscv32-esp-elf/riscv32-esp-elf/sys-include;/Users/senggee/.espressif/tools/riscv32-esp-elf/esp-12.2.0_20230208/riscv32-esp-elf/riscv32-esp-elf/include]


Parsed C implicit link information from above output:
  link line regex: [^( *|.*[/\])(riscv32-esp-elf-ld|CMAKE_LINK_STARTFILE-NOTFOUND|([^/\]+-)?ld|collect2)[^/\]*( |$)]
  ignore line: [Change Dir: /Users/senggee/esp/hello_world/build/bootloader/CMakeFiles/CMakeTmp]
  ignore line: []
  ignore line: [Run Build Command(s):/usr/local/bin/ninja cmTC_32a7f && [1/2] Building C object CMakeFiles/cmTC_32a7f.dir/CMakeCCompilerABI.c.obj]
  ignore line: [Using built-in specs.]
  ignore line: [COLLECT_GCC=/Users/senggee/.espressif/tools/riscv32-esp-elf/esp-12.2.0_20230208/riscv32-esp-elf/bin/riscv32-esp-elf-gcc]
  ignore line: [Target: riscv32-esp-elf]
  ignore line: [Configured with: /builds/idf/crosstool-NG/.build/HOST-x86_64-apple-darwin12/riscv32-esp-elf/src/gcc/configure --build=x86_64-build_pc-linux-gnu --host=x86_64-host_apple-darwin12 --target=riscv32-esp-elf --prefix=/builds/idf/crosstool-NG/builds/riscv32-esp-elf --exec_prefix=/builds/idf/crosstool-NG/builds/riscv32-esp-elf --with-local-prefix=/builds/idf/crosstool-NG/builds/riscv32-esp-elf/riscv32-esp-elf --with-headers=/builds/idf/crosstool-NG/builds/riscv32-esp-elf/riscv32-esp-elf/include --with-newlib --enable-threads=no --disable-shared --with-arch=rv32gc --with-abi=ilp32 --with-pkgversion='crosstool-NG esp-12.2.0_20230208' --disable-__cxa_atexit --enable-cxx-flags=-ffunction-sections --disable-libgomp --disable-libmudflap --disable-libmpx --disable-libssp --disable-libquadmath --disable-libquadmath-support --disable-libstdcxx-verbose --with-gmp=/builds/idf/crosstool-NG/.build/HOST-x86_64-apple-darwin12/riscv32-esp-elf/buildtools/complibs-host --with-mpfr=/builds/idf/crosstool-NG/.build/HOST-x86_64-apple-darwin12/riscv32-esp-elf/buildtools/complibs-host --with-mpc=/builds/idf/crosstool-NG/.build/HOST-x86_64-apple-darwin12/riscv32-esp-elf/buildtools/complibs-host --with-isl=/builds/idf/crosstool-NG/.build/HOST-x86_64-apple-darwin12/riscv32-esp-elf/buildtools/complibs-host --enable-lto --enable-target-optspace --without-long-double-128 --disable-nls --enable-multiarch --enable-languages=c c++ --disable-libstdcxx-verbose --enable-threads=posix --enable-gcov-custom-rtio --enable-libstdcxx-time=yes]
  ignore line: [Thread model: posix]
  ignore line: [Supported LTO compression algorithms: zlib]
  ignore line: [gcc version 12.2.0 (crosstool-NG esp-12.2.0_20230208) ]
  ignore line: [COLLECT_GCC_OPTIONS='-march=rv32imac_zicsr_zifencei' '-v' '-o' 'CMakeFiles/cmTC_32a7f.dir/CMakeCCompilerABI.c.obj' '-c' '-mabi=ilp32' '-misa-spec=20191213' '-march=rv32imac_zicsr_zifencei' '-dumpdir' 'CMakeFiles/cmTC_32a7f.dir/']
  ignore line: [ /Users/senggee/.espressif/tools/riscv32-esp-elf/esp-12.2.0_20230208/riscv32-esp-elf/bin/../libexec/gcc/riscv32-esp-elf/12.2.0/cc1 -quiet -v -imultilib rv32imac_zicsr_zifencei/ilp32 -iprefix /Users/senggee/.espressif/tools/riscv32-esp-elf/esp-12.2.0_20230208/riscv32-esp-elf/bin/../lib/gcc/riscv32-esp-elf/12.2.0/ /opt/local/share/cmake-3.24/Modules/CMakeCCompilerABI.c -quiet -dumpdir CMakeFiles/cmTC_32a7f.dir/ -dumpbase CMakeCCompilerABI.c.c -dumpbase-ext .c -march=rv32imac_zicsr_zifencei -mabi=ilp32 -misa-spec=20191213 -march=rv32imac_zicsr_zifencei -version -o /var/folders/27/v96qwkv50tx7zlp5zw4mrlc80000gn/T//ccGU6t80.s]
  ignore line: [GNU C17 (crosstool-NG esp-12.2.0_20230208) version 12.2.0 (riscv32-esp-elf)]
  ignore line: [	compiled by GNU C version 8.3.0  GMP version 6.2.1  MPFR version 4.1.0  MPC version 1.2.1  isl version isl-0.24-GMP]
  ignore line: []
  ignore line: [GGC heuristics: --param ggc-min-expand=100 --param ggc-min-heapsize=131072]
  ignore line: [ignoring duplicate directory "/Users/senggee/.espressif/tools/riscv32-esp-elf/esp-12.2.0_20230208/riscv32-esp-elf/bin/../lib/gcc/../../lib/gcc/riscv32-esp-elf/12.2.0/include"]
  ignore line: [ignoring duplicate directory "/Users/senggee/.espressif/tools/riscv32-esp-elf/esp-12.2.0_20230208/riscv32-esp-elf/bin/../lib/gcc/../../lib/gcc/riscv32-esp-elf/12.2.0/include-fixed"]
  ignore line: [ignoring duplicate directory "/Users/senggee/.espressif/tools/riscv32-esp-elf/esp-12.2.0_20230208/riscv32-esp-elf/bin/../lib/gcc/../../lib/gcc/riscv32-esp-elf/12.2.0/../../../../riscv32-esp-elf/sys-include"]
  ignore line: [ignoring duplicate directory "/Users/senggee/.espressif/tools/riscv32-esp-elf/esp-12.2.0_20230208/riscv32-esp-elf/bin/../lib/gcc/../../lib/gcc/riscv32-esp-elf/12.2.0/../../../../riscv32-esp-elf/include"]
  ignore line: [#include "..." search starts here:]
  ignore line: [#include <...> search starts here:]
  ignore line: [ /Users/senggee/.espressif/tools/riscv32-esp-elf/esp-12.2.0_20230208/riscv32-esp-elf/bin/../lib/gcc/riscv32-esp-elf/12.2.0/include]
  ignore line: [ /Users/senggee/.espressif/tools/riscv32-esp-elf/esp-12.2.0_20230208/riscv32-esp-elf/bin/../lib/gcc/riscv32-esp-elf/12.2.0/include-fixed]
  ignore line: [ /Users/senggee/.espressif/tools/riscv32-esp-elf/esp-12.2.0_20230208/riscv32-esp-elf/bin/../lib/gcc/riscv32-esp-elf/12.2.0/../../../../riscv32-esp-elf/sys-include]
  ignore line: [ /Users/senggee/.espressif/tools/riscv32-esp-elf/esp-12.2.0_20230208/riscv32-esp-elf/bin/../lib/gcc/riscv32-esp-elf/12.2.0/../../../../riscv32-esp-elf/include]
  ignore line: [End of search list.]
  ignore line: [GNU C17 (crosstool-NG esp-12.2.0_20230208) version 12.2.0 (riscv32-esp-elf)]
  ignore line: [	compiled by GNU C version 8.3.0  GMP version 6.2.1  MPFR version 4.1.0  MPC version 1.2.1  isl version isl-0.24-GMP]
  ignore line: []
  ignore line: [GGC heuristics: --param ggc-min-expand=100 --param ggc-min-heapsize=131072]
  ignore line: [Compiler executable checksum: 477c8db8ad4c43457bcdc8f248de452c]
  ignore line: [COLLECT_GCC_OPTIONS='-march=rv32imac_zicsr_zifencei' '-v' '-o' 'CMakeFiles/cmTC_32a7f.dir/CMakeCCompilerABI.c.obj' '-c' '-mabi=ilp32' '-misa-spec=20191213' '-march=rv32imac_zicsr_zifencei' '-dumpdir' 'CMakeFiles/cmTC_32a7f.dir/']
  ignore line: [ /Users/senggee/.espressif/tools/riscv32-esp-elf/esp-12.2.0_20230208/riscv32-esp-elf/bin/../lib/gcc/riscv32-esp-elf/12.2.0/../../../../riscv32-esp-elf/bin/as -v --traditional-format -march=rv32imac_zicsr_zifencei -march=rv32imac_zicsr_zifencei -mabi=ilp32 -misa-spec=20191213 -o CMakeFiles/cmTC_32a7f.dir/CMakeCCompilerABI.c.obj /var/folders/27/v96qwkv50tx7zlp5zw4mrlc80000gn/T//ccGU6t80.s]
  ignore line: [GNU assembler version 2.39.0 (riscv32-esp-elf) using BFD version (crosstool-NG esp-12.2.0_20230208) 2.39.0.20220915]
  ignore line: [COMPILER_PATH=/Users/senggee/.espressif/tools/riscv32-esp-elf/esp-12.2.0_20230208/riscv32-esp-elf/bin/../libexec/gcc/riscv32-esp-elf/12.2.0/:/Users/senggee/.espressif/tools/riscv32-esp-elf/esp-12.2.0_20230208/riscv32-esp-elf/bin/../libexec/gcc/:/Users/senggee/.espressif/tools/riscv32-esp-elf/esp-12.2.0_20230208/riscv32-esp-elf/bin/../lib/gcc/riscv32-esp-elf/12.2.0/../../../../riscv32-esp-elf/bin/]
  ignore line: [LIBRARY_PATH=/Users/senggee/.espressif/tools/riscv32-esp-elf/esp-12.2.0_20230208/riscv32-esp-elf/bin/../lib/gcc/riscv32-esp-elf/12.2.0/rv32imac_zicsr_zifencei/ilp32/:/Users/senggee/.espressif/tools/riscv32-esp-elf/esp-12.2.0_20230208/riscv32-esp-elf/bin/../lib/gcc/riscv32-esp-elf/12.2.0/../../../../riscv32-esp-elf/lib/rv32imac_zicsr_zifencei/ilp32/:/Users/senggee/.espressif/tools/riscv32-esp-elf/esp-12.2.0_20230208/riscv32-esp-elf/bin/../lib/gcc/riscv32-esp-elf/12.2.0/:/Users/senggee/.espressif/tools/riscv32-esp-elf/esp-12.2.0_20230208/riscv32-esp-elf/bin/../lib/gcc/:/Users/senggee/.espressif/tools/riscv32-esp-elf/esp-12.2.0_20230208/riscv32-esp-elf/bin/../lib/gcc/riscv32-esp-elf/12.2.0/../../../../riscv32-esp-elf/lib/]
  ignore line: [COLLECT_GCC_OPTIONS='-march=rv32imac_zicsr_zifencei' '-v' '-o' 'CMakeFiles/cmTC_32a7f.dir/CMakeCCompilerABI.c.obj' '-c' '-mabi=ilp32' '-misa-spec=20191213' '-march=rv32imac_zicsr_zifencei' '-dumpdir' 'CMakeFiles/cmTC_32a7f.dir/CMakeCCompilerABI.c.']
  ignore line: [[2/2] Linking C executable cmTC_32a7f]
  ignore line: [Using built-in specs.]
  ignore line: [Reading specs from /Users/senggee/.espressif/tools/riscv32-esp-elf/esp-12.2.0_20230208/riscv32-esp-elf/bin/../lib/gcc/riscv32-esp-elf/12.2.0/../../../../riscv32-esp-elf/lib/nosys.specs]
  ignore line: [rename spec link_gcc_c_sequence to nosys_link_gcc_c_sequence]
  ignore line: [COLLECT_GCC=/Users/senggee/.espressif/tools/riscv32-esp-elf/esp-12.2.0_20230208/riscv32-esp-elf/bin/riscv32-esp-elf-gcc]
  ignore line: [COLLECT_LTO_WRAPPER=/Users/senggee/.espressif/tools/riscv32-esp-elf/esp-12.2.0_20230208/riscv32-esp-elf/bin/../libexec/gcc/riscv32-esp-elf/12.2.0/lto-wrapper]
  ignore line: [Target: riscv32-esp-elf]
  ignore line: [Configured with: /builds/idf/crosstool-NG/.build/HOST-x86_64-apple-darwin12/riscv32-esp-elf/src/gcc/configure --build=x86_64-build_pc-linux-gnu --host=x86_64-host_apple-darwin12 --target=riscv32-esp-elf --prefix=/builds/idf/crosstool-NG/builds/riscv32-esp-elf --exec_prefix=/builds/idf/crosstool-NG/builds/riscv32-esp-elf --with-local-prefix=/builds/idf/crosstool-NG/builds/riscv32-esp-elf/riscv32-esp-elf --with-headers=/builds/idf/crosstool-NG/builds/riscv32-esp-elf/riscv32-esp-elf/include --with-newlib --enable-threads=no --disable-shared --with-arch=rv32gc --with-abi=ilp32 --with-pkgversion='crosstool-NG esp-12.2.0_20230208' --disable-__cxa_atexit --enable-cxx-flags=-ffunction-sections --disable-libgomp --disable-libmudflap --disable-libmpx --disable-libssp --disable-libquadmath --disable-libquadmath-support --disable-libstdcxx-verbose --with-gmp=/builds/idf/crosstool-NG/.build/HOST-x86_64-apple-darwin12/riscv32-esp-elf/buildtools/complibs-host --with-mpfr=/builds/idf/crosstool-NG/.build/HOST-x86_64-apple-darwin12/riscv32-esp-elf/buildtools/complibs-host --with-mpc=/builds/idf/crosstool-NG/.build/HOST-x86_64-apple-darwin12/riscv32-esp-elf/buildtools/complibs-host --with-isl=/builds/idf/crosstool-NG/.build/HOST-x86_64-apple-darwin12/riscv32-esp-elf/buildtools/complibs-host --enable-lto --enable-target-optspace --without-long-double-128 --disable-nls --enable-multiarch --enable-languages=c c++ --disable-libstdcxx-verbose --enable-threads=posix --enable-gcov-custom-rtio --enable-libstdcxx-time=yes]
  ignore line: [Thread model: posix]
  ignore line: [Supported LTO compression algorithms: zlib]
  ignore line: [gcc version 12.2.0 (crosstool-NG esp-12.2.0_20230208) ]
  ignore line: [COMPILER_PATH=/Users/senggee/.espressif/tools/riscv32-esp-elf/esp-12.2.0_20230208/riscv32-esp-elf/bin/../libexec/gcc/riscv32-esp-elf/12.2.0/:/Users/senggee/.espressif/tools/riscv32-esp-elf/esp-12.2.0_20230208/riscv32-esp-elf/bin/../libexec/gcc/:/Users/senggee/.espressif/tools/riscv32-esp-elf/esp-12.2.0_20230208/riscv32-esp-elf/bin/../lib/gcc/riscv32-esp-elf/12.2.0/../../../../riscv32-esp-elf/bin/]
  ignore line: [LIBRARY_PATH=/Users/senggee/.espressif/tools/riscv32-esp-elf/esp-12.2.0_20230208/riscv32-esp-elf/bin/../lib/gcc/riscv32-esp-elf/12.2.0/rv32imac_zicsr_zifencei/ilp32/:/Users/senggee/.espressif/tools/riscv32-esp-elf/esp-12.2.0_20230208/riscv32-esp-elf/bin/../lib/gcc/riscv32-esp-elf/12.2.0/../../../../riscv32-esp-elf/lib/rv32imac_zicsr_zifencei/ilp32/:/Users/senggee/.espressif/tools/riscv32-esp-elf/esp-12.2.0_20230208/riscv32-esp-elf/bin/../lib/gcc/riscv32-esp-elf/12.2.0/:/Users/senggee/.espressif/tools/riscv32-esp-elf/esp-12.2.0_20230208/riscv32-esp-elf/bin/../lib/gcc/:/Users/senggee/.espressif/tools/riscv32-esp-elf/esp-12.2.0_20230208/riscv32-esp-elf/bin/../lib/gcc/riscv32-esp-elf/12.2.0/../../../../riscv32-esp-elf/lib/]
  ignore line: [COLLECT_GCC_OPTIONS='-nostartfiles' '-march=rv32imac_zicsr_zifencei' '-specs=nosys.specs' '-v' '-o' 'cmTC_32a7f' '-mabi=ilp32' '-misa-spec=20191213' '-march=rv32imac_zicsr_zifencei' '-dumpdir' 'cmTC_32a7f.']
  link line: [ /Users/senggee/.espressif/tools/riscv32-esp-elf/esp-12.2.0_20230208/riscv32-esp-elf/bin/../libexec/gcc/riscv32-esp-elf/12.2.0/collect2 -plugin /Users/senggee/.espressif/tools/riscv32-esp-elf/esp-12.2.0_20230208/riscv32-esp-elf/bin/../libexec/gcc/riscv32-esp-elf/12.2.0/liblto_plugin.so -plugin-opt=/Users/senggee/.espressif/tools/riscv32-esp-elf/esp-12.2.0_20230208/riscv32-esp-elf/bin/../libexec/gcc/riscv32-esp-elf/12.2.0/lto-wrapper -plugin-opt=-fresolution=/var/folders/27/v96qwkv50tx7zlp5zw4mrlc80000gn/T//ccERaAdd.res -plugin-opt=-pass-through=-lgcc -plugin-opt=-pass-through=-lc -plugin-opt=-pass-through=-lnosys -plugin-opt=-pass-through=-lc -plugin-opt=-pass-through=-lgcc -plugin-opt=-pass-through=-lgcc -plugin-opt=-pass-through=-lc -plugin-opt=-pass-through=-lnosys -melf32lriscv -o cmTC_32a7f -L/Users/senggee/.espressif/tools/riscv32-esp-elf/esp-12.2.0_20230208/riscv32-esp-elf/bin/../lib/gcc/riscv32-esp-elf/12.2.0/rv32imac_zicsr_zifencei/ilp32 -L/Users/senggee/.espressif/tools/riscv32-esp-elf/esp-12.2.0_20230208/riscv32-esp-elf/bin/../lib/gcc/riscv32-esp-elf/12.2.0/../../../../riscv32-esp-elf/lib/rv32imac_zicsr_zifencei/ilp32 -L/Users/senggee/.espressif/tools/riscv32-esp-elf/esp-12.2.0_20230208/riscv32-esp-elf/bin/../lib/gcc/riscv32-esp-elf/12.2.0 -L/Users/senggee/.espressif/tools/riscv32-esp-elf/esp-12.2.0_20230208/riscv32-esp-elf/bin/../lib/gcc -L/Users/senggee/.espressif/tools/riscv32-esp-elf/esp-12.2.0_20230208/riscv32-esp-elf/bin/../lib/gcc/riscv32-esp-elf/12.2.0/../../../../riscv32-esp-elf/lib CMakeFiles/cmTC_32a7f.dir/CMakeCCompilerABI.c.obj -lgcc -lc -lnosys -lc -lgcc --start-group -lgcc -lc -lnosys --end-group]
    arg [/Users/senggee/.espressif/tools/riscv32-esp-elf/esp-12.2.0_20230208/riscv32-esp-elf/bin/../libexec/gcc/riscv32-esp-elf/12.2.0/collect2] ==> ignore
    arg [-plugin] ==> ignore
    arg [/Users/senggee/.espressif/tools/riscv32-esp-elf/esp-12.2.0_20230208/riscv32-esp-elf/bin/../libexec/gcc/riscv32-esp-elf/12.2.0/liblto_plugin.so] ==> ignore
    arg [-plugin-opt=/Users/senggee/.espressif/tools/riscv32-esp-elf/esp-12.2.0_20230208/riscv32-esp-elf/bin/../libexec/gcc/riscv32-esp-elf/12.2.0/lto-wrapper] ==> ignore
    arg [-plugin-opt=-fresolution=/var/folders/27/v96qwkv50tx7zlp5zw4mrlc80000gn/T//ccERaAdd.res] ==> ignore
    arg [-plugin-opt=-pass-through=-lgcc] ==> ignore
    arg [-plugin-opt=-pass-through=-lc] ==> ignore
    arg [-plugin-opt=-pass-through=-lnosys] ==> ignore
    arg [-plugin-opt=-pass-through=-lc] ==> ignore
    arg [-plugin-opt=-pass-through=-lgcc] ==> ignore
    arg [-plugin-opt=-pass-through=-lgcc] ==> ignore
    arg [-plugin-opt=-pass-through=-lc] ==> ignore
    arg [-plugin-opt=-pass-through=-lnosys] ==> ignore
    arg [-melf32lriscv] ==> ignore
    arg [-o] ==> ignore
    arg [cmTC_32a7f] ==> ignore
    arg [-L/Users/senggee/.espressif/tools/riscv32-esp-elf/esp-12.2.0_20230208/riscv32-esp-elf/bin/../lib/gcc/riscv32-esp-elf/12.2.0/rv32imac_zicsr_zifencei/ilp32] ==> dir [/Users/senggee/.espressif/tools/riscv32-esp-elf/esp-12.2.0_20230208/riscv32-esp-elf/bin/../lib/gcc/riscv32-esp-elf/12.2.0/rv32imac_zicsr_zifencei/ilp32]
    arg [-L/Users/senggee/.espressif/tools/riscv32-esp-elf/esp-12.2.0_20230208/riscv32-esp-elf/bin/../lib/gcc/riscv32-esp-elf/12.2.0/../../../../riscv32-esp-elf/lib/rv32imac_zicsr_zifencei/ilp32] ==> dir [/Users/senggee/.espressif/tools/riscv32-esp-elf/esp-12.2.0_20230208/riscv32-esp-elf/bin/../lib/gcc/riscv32-esp-elf/12.2.0/../../../../riscv32-esp-elf/lib/rv32imac_zicsr_zifencei/ilp32]
    arg [-L/Users/senggee/.espressif/tools/riscv32-esp-elf/esp-12.2.0_20230208/riscv32-esp-elf/bin/../lib/gcc/riscv32-esp-elf/12.2.0] ==> dir [/Users/senggee/.espressif/tools/riscv32-esp-elf/esp-12.2.0_20230208/riscv32-esp-elf/bin/../lib/gcc/riscv32-esp-elf/12.2.0]
    arg [-L/Users/senggee/.espressif/tools/riscv32-esp-elf/esp-12.2.0_20230208/riscv32-esp-elf/bin/../lib/gcc] ==> dir [/Users/senggee/.espressif/tools/riscv32-esp-elf/esp-12.2.0_20230208/riscv32-esp-elf/bin/../lib/gcc]
    arg [-L/Users/senggee/.espressif/tools/riscv32-esp-elf/esp-12.2.0_20230208/riscv32-esp-elf/bin/../lib/gcc/riscv32-esp-elf/12.2.0/../../../../riscv32-esp-elf/lib] ==> dir [/Users/senggee/.espressif/tools/riscv32-esp-elf/esp-12.2.0_20230208/riscv32-esp-elf/bin/../lib/gcc/riscv32-esp-elf/12.2.0/../../../../riscv32-esp-elf/lib]
    arg [CMakeFiles/cmTC_32a7f.dir/CMakeCCompilerABI.c.obj] ==> ignore
    arg [-lgcc] ==> lib [gcc]
    arg [-lc] ==> lib [c]
    arg [-lnosys] ==> lib [nosys]
    arg [-lc] ==> lib [c]
    arg [-lgcc] ==> lib [gcc]
    arg [--start-group] ==> ignore
    arg [-lgcc] ==> lib [gcc]
    arg [-lc] ==> lib [c]
    arg [-lnosys] ==> lib [nosys]
    arg [--end-group] ==> ignore
  collapse library dir [/Users/senggee/.espressif/tools/riscv32-esp-elf/esp-12.2.0_20230208/riscv32-esp-elf/bin/../lib/gcc/riscv32-esp-elf/12.2.0/rv32imac_zicsr_zifencei/ilp32] ==> [/Users/senggee/.espressif/tools/riscv32-esp-elf/esp-12.2.0_20230208/riscv32-esp-elf/lib/gcc/riscv32-esp-elf/12.2.0/rv32imac_zicsr_zifencei/ilp32]
  collapse library dir [/Users/senggee/.espressif/tools/riscv32-esp-elf/esp-12.2.0_20230208/riscv32-esp-elf/bin/../lib/gcc/riscv32-esp-elf/12.2.0/../../../../riscv32-esp-elf/lib/rv32imac_zicsr_zifencei/ilp32] ==> [/Users/senggee/.espressif/tools/riscv32-esp-elf/esp-12.2.0_20230208/riscv32-esp-elf/riscv32-esp-elf/lib/rv32imac_zicsr_zifencei/ilp32]
  collapse library dir [/Users/senggee/.espressif/tools/riscv32-esp-elf/esp-12.2.0_20230208/riscv32-esp-elf/bin/../lib/gcc/riscv32-esp-elf/12.2.0] ==> [/Users/senggee/.espressif/tools/riscv32-esp-elf/esp-12.2.0_20230208/riscv32-esp-elf/lib/gcc/riscv32-esp-elf/12.2.0]
  collapse library dir [/Users/senggee/.espressif/tools/riscv32-esp-elf/esp-12.2.0_20230208/riscv32-esp-elf/bin/../lib/gcc] ==> [/Users/senggee/.espressif/tools/riscv32-esp-elf/esp-12.2.0_20230208/riscv32-esp-elf/lib/gcc]
  collapse library dir [/Users/senggee/.espressif/tools/riscv32-esp-elf/esp-12.2.0_20230208/riscv32-esp-elf/bin/../lib/gcc/riscv32-esp-elf/12.2.0/../../../../riscv32-esp-elf/lib] ==> [/Users/senggee/.espressif/tools/riscv32-esp-elf/esp-12.2.0_20230208/riscv32-esp-elf/riscv32-esp-elf/lib]
  implicit libs: [gcc;c;nosys;c;gcc;gcc;c;nosys]
  implicit objs: []
  implicit dirs: [/Users/senggee/.espressif/tools/riscv32-esp-elf/esp-12.2.0_20230208/riscv32-esp-elf/lib/gcc/riscv32-esp-elf/12.2.0/rv32imac_zicsr_zifencei/ilp32;/Users/senggee/.espressif/tools/riscv32-esp-elf/esp-12.2.0_20230208/riscv32-esp-elf/riscv32-esp-elf/lib/rv32imac_zicsr_zifencei/ilp32;/Users/senggee/.espressif/tools/riscv32-esp-elf/esp-12.2.0_20230208/riscv32-esp-elf/lib/gcc/riscv32-esp-elf/12.2.0;/Users/senggee/.espressif/tools/riscv32-esp-elf/esp-12.2.0_20230208/riscv32-esp-elf/lib/gcc;/Users/senggee/.espressif/tools/riscv32-esp-elf/esp-12.2.0_20230208/riscv32-esp-elf/riscv32-esp-elf/lib]
  implicit fwks: []


Detecting CXX compiler ABI info compiled with the following output:
Change Dir: /Users/senggee/esp/hello_world/build/bootloader/CMakeFiles/CMakeTmp

Run Build Command(s):/usr/local/bin/ninja cmTC_491bc && [1/2] Building CXX object CMakeFiles/cmTC_491bc.dir/CMakeCXXCompilerABI.cpp.obj
Using built-in specs.
COLLECT_GCC=/Users/senggee/.espressif/tools/riscv32-esp-elf/esp-12.2.0_20230208/riscv32-esp-elf/bin/riscv32-esp-elf-g++
Target: riscv32-esp-elf
Configured with: /builds/idf/crosstool-NG/.build/HOST-x86_64-apple-darwin12/riscv32-esp-elf/src/gcc/configure --build=x86_64-build_pc-linux-gnu --host=x86_64-host_apple-darwin12 --target=riscv32-esp-elf --prefix=/builds/idf/crosstool-NG/builds/riscv32-esp-elf --exec_prefix=/builds/idf/crosstool-NG/builds/riscv32-esp-elf --with-local-prefix=/builds/idf/crosstool-NG/builds/riscv32-esp-elf/riscv32-esp-elf --with-headers=/builds/idf/crosstool-NG/builds/riscv32-esp-elf/riscv32-esp-elf/include --with-newlib --enable-threads=no --disable-shared --with-arch=rv32gc --with-abi=ilp32 --with-pkgversion='crosstool-NG esp-12.2.0_20230208' --disable-__cxa_atexit --enable-cxx-flags=-ffunction-sections --disable-libgomp --disable-libmudflap --disable-libmpx --disable-libssp --disable-libquadmath --disable-libquadmath-support --disable-libstdcxx-verbose --with-gmp=/builds/idf/crosstool-NG/.build/HOST-x86_64-apple-darwin12/riscv32-esp-elf/buildtools/complibs-host --with-mpfr=/builds/idf/crosstool-NG/.build/HOST-x86_64-apple-darwin12/riscv32-esp-elf/buildtools/complibs-host --with-mpc=/builds/idf/crosstool-NG/.build/HOST-x86_64-apple-darwin12/riscv32-esp-elf/buildtools/complibs-host --with-isl=/builds/idf/crosstool-NG/.build/HOST-x86_64-apple-darwin12/riscv32-esp-elf/buildtools/complibs-host --enable-lto --enable-target-optspace --without-long-double-128 --disable-nls --enable-multiarch --enable-languages=c,c++ --disable-libstdcxx-verbose --enable-threads=posix --enable-gcov-custom-rtio --enable-libstdcxx-time=yes
Thread model: posix
Supported LTO compression algorithms: zlib
gcc version 12.2.0 (crosstool-NG esp-12.2.0_20230208) 
COLLECT_GCC_OPTIONS='-march=rv32imac_zicsr_zifencei' '-v' '-o' 'CMakeFiles/cmTC_491bc.dir/CMakeCXXCompilerABI.cpp.obj' '-c' '-mabi=ilp32' '-misa-spec=20191213' '-march=rv32imac_zicsr_zifencei' '-dumpdir' 'CMakeFiles/cmTC_491bc.dir/'
 /Users/senggee/.espressif/tools/riscv32-esp-elf/esp-12.2.0_20230208/riscv32-esp-elf/bin/../libexec/gcc/riscv32-esp-elf/12.2.0/cc1plus -quiet -v -imultilib rv32imac_zicsr_zifencei/ilp32 -iprefix /Users/senggee/.espressif/tools/riscv32-esp-elf/esp-12.2.0_20230208/riscv32-esp-elf/bin/../lib/gcc/riscv32-esp-elf/12.2.0/ /opt/local/share/cmake-3.24/Modules/CMakeCXXCompilerABI.cpp -quiet -dumpdir CMakeFiles/cmTC_491bc.dir/ -dumpbase CMakeCXXCompilerABI.cpp.cpp -dumpbase-ext .cpp -march=rv32imac_zicsr_zifencei -mabi=ilp32 -misa-spec=20191213 -march=rv32imac_zicsr_zifencei -version -o /var/folders/27/v96qwkv50tx7zlp5zw4mrlc80000gn/T//cc6u8WMx.s
GNU C++17 (crosstool-NG esp-12.2.0_20230208) version 12.2.0 (riscv32-esp-elf)
	compiled by GNU C version 8.3.0, GMP version 6.2.1, MPFR version 4.1.0, MPC version 1.2.1, isl version isl-0.24-GMP

GGC heuristics: --param ggc-min-expand=100 --param ggc-min-heapsize=131072
ignoring duplicate directory "/Users/senggee/.espressif/tools/riscv32-esp-elf/esp-12.2.0_20230208/riscv32-esp-elf/bin/../lib/gcc/../../lib/gcc/riscv32-esp-elf/12.2.0/../../../../riscv32-esp-elf/include/c++/12.2.0"
ignoring duplicate directory "/Users/senggee/.espressif/tools/riscv32-esp-elf/esp-12.2.0_20230208/riscv32-esp-elf/bin/../lib/gcc/../../lib/gcc/riscv32-esp-elf/12.2.0/../../../../riscv32-esp-elf/include/c++/12.2.0/riscv32-esp-elf/rv32imac_zicsr_zifencei/ilp32"
ignoring duplicate directory "/Users/senggee/.espressif/tools/riscv32-esp-elf/esp-12.2.0_20230208/riscv32-esp-elf/bin/../lib/gcc/../../lib/gcc/riscv32-esp-elf/12.2.0/../../../../riscv32-esp-elf/include/c++/12.2.0/backward"
ignoring duplicate directory "/Users/senggee/.espressif/tools/riscv32-esp-elf/esp-12.2.0_20230208/riscv32-esp-elf/bin/../lib/gcc/../../lib/gcc/riscv32-esp-elf/12.2.0/include"
ignoring duplicate directory "/Users/senggee/.espressif/tools/riscv32-esp-elf/esp-12.2.0_20230208/riscv32-esp-elf/bin/../lib/gcc/../../lib/gcc/riscv32-esp-elf/12.2.0/include-fixed"
ignoring duplicate directory "/Users/senggee/.espressif/tools/riscv32-esp-elf/esp-12.2.0_20230208/riscv32-esp-elf/bin/../lib/gcc/../../lib/gcc/riscv32-esp-elf/12.2.0/../../../../riscv32-esp-elf/sys-include"
ignoring duplicate directory "/Users/senggee/.espressif/tools/riscv32-esp-elf/esp-12.2.0_20230208/riscv32-esp-elf/bin/../lib/gcc/../../lib/gcc/riscv32-esp-elf/12.2.0/../../../../riscv32-esp-elf/include"
#include "..." search starts here:
#include <...> search starts here:
 /Users/senggee/.espressif/tools/riscv32-esp-elf/esp-12.2.0_20230208/riscv32-esp-elf/bin/../lib/gcc/riscv32-esp-elf/12.2.0/../../../../riscv32-esp-elf/include/c++/12.2.0
 /Users/senggee/.espressif/tools/riscv32-esp-elf/esp-12.2.0_20230208/riscv32-esp-elf/bin/../lib/gcc/riscv32-esp-elf/12.2.0/../../../../riscv32-esp-elf/include/c++/12.2.0/riscv32-esp-elf/rv32imac_zicsr_zifencei/ilp32
 /Users/senggee/.espressif/tools/riscv32-esp-elf/esp-12.2.0_20230208/riscv32-esp-elf/bin/../lib/gcc/riscv32-esp-elf/12.2.0/../../../../riscv32-esp-elf/include/c++/12.2.0/backward
 /Users/senggee/.espressif/tools/riscv32-esp-elf/esp-12.2.0_20230208/riscv32-esp-elf/bin/../lib/gcc/riscv32-esp-elf/12.2.0/include
 /Users/senggee/.espressif/tools/riscv32-esp-elf/esp-12.2.0_20230208/riscv32-esp-elf/bin/../lib/gcc/riscv32-esp-elf/12.2.0/include-fixed
 /Users/senggee/.espressif/tools/riscv32-esp-elf/esp-12.2.0_20230208/riscv32-esp-elf/bin/../lib/gcc/riscv32-esp-elf/12.2.0/../../../../riscv32-esp-elf/sys-include
 /Users/senggee/.espressif/tools/riscv32-esp-elf/esp-12.2.0_20230208/riscv32-esp-elf/bin/../lib/gcc/riscv32-esp-elf/12.2.0/../../../../riscv32-esp-elf/include
End of search list.
GNU C++17 (crosstool-NG esp-12.2.0_20230208) version 12.2.0 (riscv32-esp-elf)
	compiled by GNU C version 8.3.0, GMP version 6.2.1, MPFR version 4.1.0, MPC version 1.2.1, isl version isl-0.24-GMP

GGC heuristics: --param ggc-min-expand=100 --param ggc-min-heapsize=131072
Compiler executable checksum: a9aff4b405db2450d47902938b4f41f4
COLLECT_GCC_OPTIONS='-march=rv32imac_zicsr_zifencei' '-v' '-o' 'CMakeFiles/cmTC_491bc.dir/CMakeCXXCompilerABI.cpp.obj' '-c' '-mabi=ilp32' '-misa-spec=20191213' '-march=rv32imac_zicsr_zifencei' '-dumpdir' 'CMakeFiles/cmTC_491bc.dir/'
 /Users/senggee/.espressif/tools/riscv32-esp-elf/esp-12.2.0_20230208/riscv32-esp-elf/bin/../lib/gcc/riscv32-esp-elf/12.2.0/../../../../riscv32-esp-elf/bin/as -v --traditional-format -march=rv32imac_zicsr_zifencei -march=rv32imac_zicsr_zifencei -mabi=ilp32 -misa-spec=20191213 -o CMakeFiles/cmTC_491bc.dir/CMakeCXXCompilerABI.cpp.obj /var/folders/27/v96qwkv50tx7zlp5zw4mrlc80000gn/T//cc6u8WMx.s
GNU assembler version 2.39.0 (riscv32-esp-elf) using BFD version (crosstool-NG esp-12.2.0_20230208) 2.39.0.20220915
COMPILER_PATH=/Users/senggee/.espressif/tools/riscv32-esp-elf/esp-12.2.0_20230208/riscv32-esp-elf/bin/../libexec/gcc/riscv32-esp-elf/12.2.0/:/Users/senggee/.espressif/tools/riscv32-esp-elf/esp-12.2.0_20230208/riscv32-esp-elf/bin/../libexec/gcc/:/Users/senggee/.espressif/tools/riscv32-esp-elf/esp-12.2.0_20230208/riscv32-esp-elf/bin/../lib/gcc/riscv32-esp-elf/12.2.0/../../../../riscv32-esp-elf/bin/
LIBRARY_PATH=/Users/senggee/.espressif/tools/riscv32-esp-elf/esp-12.2.0_20230208/riscv32-esp-elf/bin/../lib/gcc/riscv32-esp-elf/12.2.0/rv32imac_zicsr_zifencei/ilp32/:/Users/senggee/.espressif/tools/riscv32-esp-elf/esp-12.2.0_20230208/riscv32-esp-elf/bin/../lib/gcc/riscv32-esp-elf/12.2.0/../../../../riscv32-esp-elf/lib/rv32imac_zicsr_zifencei/ilp32/:/Users/senggee/.espressif/tools/riscv32-esp-elf/esp-12.2.0_20230208/riscv32-esp-elf/bin/../lib/gcc/riscv32-esp-elf/12.2.0/:/Users/senggee/.espressif/tools/riscv32-esp-elf/esp-12.2.0_20230208/riscv32-esp-elf/bin/../lib/gcc/:/Users/senggee/.espressif/tools/riscv32-esp-elf/esp-12.2.0_20230208/riscv32-esp-elf/bin/../lib/gcc/riscv32-esp-elf/12.2.0/../../../../riscv32-esp-elf/lib/
COLLECT_GCC_OPTIONS='-march=rv32imac_zicsr_zifencei' '-v' '-o' 'CMakeFiles/cmTC_491bc.dir/CMakeCXXCompilerABI.cpp.obj' '-c' '-mabi=ilp32' '-misa-spec=20191213' '-march=rv32imac_zicsr_zifencei' '-dumpdir' 'CMakeFiles/cmTC_491bc.dir/CMakeCXXCompilerABI.cpp.'
[2/2] Linking CXX executable cmTC_491bc
Using built-in specs.
Reading specs from /Users/senggee/.espressif/tools/riscv32-esp-elf/esp-12.2.0_20230208/riscv32-esp-elf/bin/../lib/gcc/riscv32-esp-elf/12.2.0/../../../../riscv32-esp-elf/lib/nosys.specs
rename spec link_gcc_c_sequence to nosys_link_gcc_c_sequence
COLLECT_GCC=/Users/senggee/.espressif/tools/riscv32-esp-elf/esp-12.2.0_20230208/riscv32-esp-elf/bin/riscv32-esp-elf-g++
COLLECT_LTO_WRAPPER=/Users/senggee/.espressif/tools/riscv32-esp-elf/esp-12.2.0_20230208/riscv32-esp-elf/bin/../libexec/gcc/riscv32-esp-elf/12.2.0/lto-wrapper
Target: riscv32-esp-elf
Configured with: /builds/idf/crosstool-NG/.build/HOST-x86_64-apple-darwin12/riscv32-esp-elf/src/gcc/configure --build=x86_64-build_pc-linux-gnu --host=x86_64-host_apple-darwin12 --target=riscv32-esp-elf --prefix=/builds/idf/crosstool-NG/builds/riscv32-esp-elf --exec_prefix=/builds/idf/crosstool-NG/builds/riscv32-esp-elf --with-local-prefix=/builds/idf/crosstool-NG/builds/riscv32-esp-elf/riscv32-esp-elf --with-headers=/builds/idf/crosstool-NG/builds/riscv32-esp-elf/riscv32-esp-elf/include --with-newlib --enable-threads=no --disable-shared --with-arch=rv32gc --with-abi=ilp32 --with-pkgversion='crosstool-NG esp-12.2.0_20230208' --disable-__cxa_atexit --enable-cxx-flags=-ffunction-sections --disable-libgomp --disable-libmudflap --disable-libmpx --disable-libssp --disable-libquadmath --disable-libquadmath-support --disable-libstdcxx-verbose --with-gmp=/builds/idf/crosstool-NG/.build/HOST-x86_64-apple-darwin12/riscv32-esp-elf/buildtools/complibs-host --with-mpfr=/builds/idf/crosstool-NG/.build/HOST-x86_64-apple-darwin12/riscv32-esp-elf/buildtools/complibs-host --with-mpc=/builds/idf/crosstool-NG/.build/HOST-x86_64-apple-darwin12/riscv32-esp-elf/buildtools/complibs-host --with-isl=/builds/idf/crosstool-NG/.build/HOST-x86_64-apple-darwin12/riscv32-esp-elf/buildtools/complibs-host --enable-lto --enable-target-optspace --without-long-double-128 --disable-nls --enable-multiarch --enable-languages=c,c++ --disable-libstdcxx-verbose --enable-threads=posix --enable-gcov-custom-rtio --enable-libstdcxx-time=yes
Thread model: posix
Supported LTO compression algorithms: zlib
gcc version 12.2.0 (crosstool-NG esp-12.2.0_20230208) 
COMPILER_PATH=/Users/senggee/.espressif/tools/riscv32-esp-elf/esp-12.2.0_20230208/riscv32-esp-elf/bin/../libexec/gcc/riscv32-esp-elf/12.2.0/:/Users/senggee/.espressif/tools/riscv32-esp-elf/esp-12.2.0_20230208/riscv32-esp-elf/bin/../libexec/gcc/:/Users/senggee/.espressif/tools/riscv32-esp-elf/esp-12.2.0_20230208/riscv32-esp-elf/bin/../lib/gcc/riscv32-esp-elf/12.2.0/../../../../riscv32-esp-elf/bin/
LIBRARY_PATH=/Users/senggee/.espressif/tools/riscv32-esp-elf/esp-12.2.0_20230208/riscv32-esp-elf/bin/../lib/gcc/riscv32-esp-elf/12.2.0/rv32imac_zicsr_zifencei/ilp32/:/Users/senggee/.espressif/tools/riscv32-esp-elf/esp-12.2.0_20230208/riscv32-esp-elf/bin/../lib/gcc/riscv32-esp-elf/12.2.0/../../../../riscv32-esp-elf/lib/rv32imac_zicsr_zifencei/ilp32/:/Users/senggee/.espressif/tools/riscv32-esp-elf/esp-12.2.0_20230208/riscv32-esp-elf/bin/../lib/gcc/riscv32-esp-elf/12.2.0/:/Users/senggee/.espressif/tools/riscv32-esp-elf/esp-12.2.0_20230208/riscv32-esp-elf/bin/../lib/gcc/:/Users/senggee/.espressif/tools/riscv32-esp-elf/esp-12.2.0_20230208/riscv32-esp-elf/bin/../lib/gcc/riscv32-esp-elf/12.2.0/../../../../riscv32-esp-elf/lib/
COLLECT_GCC_OPTIONS='-nostartfiles' '-march=rv32imac_zicsr_zifencei' '-specs=nosys.specs' '-v' '-o' 'cmTC_491bc' '-mabi=ilp32' '-misa-spec=20191213' '-march=rv32imac_zicsr_zifencei' '-dumpdir' 'cmTC_491bc.'
 /Users/senggee/.espressif/tools/riscv32-esp-elf/esp-12.2.0_20230208/riscv32-esp-elf/bin/../libexec/gcc/riscv32-esp-elf/12.2.0/collect2 -plugin /Users/senggee/.espressif/tools/riscv32-esp-elf/esp-12.2.0_20230208/riscv32-esp-elf/bin/../libexec/gcc/riscv32-esp-elf/12.2.0/liblto_plugin.so -plugin-opt=/Users/senggee/.espressif/tools/riscv32-esp-elf/esp-12.2.0_20230208/riscv32-esp-elf/bin/../libexec/gcc/riscv32-esp-elf/12.2.0/lto-wrapper -plugin-opt=-fresolution=/var/folders/27/v96qwkv50tx7zlp5zw4mrlc80000gn/T//ccI0LOno.res -plugin-opt=-pass-through=-lgcc -plugin-opt=-pass-through=-lc -plugin-opt=-pass-through=-lnosys -plugin-opt=-pass-through=-lc -plugin-opt=-pass-through=-lgcc -plugin-opt=-pass-through=-lgcc -plugin-opt=-pass-through=-lc -plugin-opt=-pass-through=-lnosys -melf32lriscv -o cmTC_491bc -L/Users/senggee/.espressif/tools/riscv32-esp-elf/esp-12.2.0_20230208/riscv32-esp-elf/bin/../lib/gcc/riscv32-esp-elf/12.2.0/rv32imac_zicsr_zifencei/ilp32 -L/Users/senggee/.espressif/tools/riscv32-esp-elf/esp-12.2.0_20230208/riscv32-esp-elf/bin/../lib/gcc/riscv32-esp-elf/12.2.0/../../../../riscv32-esp-elf/lib/rv32imac_zicsr_zifencei/ilp32 -L/Users/senggee/.espressif/tools/riscv32-esp-elf/esp-12.2.0_20230208/riscv32-esp-elf/bin/../lib/gcc/riscv32-esp-elf/12.2.0 -L/Users/senggee/.espressif/tools/riscv32-esp-elf/esp-12.2.0_20230208/riscv32-esp-elf/bin/../lib/gcc -L/Users/senggee/.espressif/tools/riscv32-esp-elf/esp-12.2.0_20230208/riscv32-esp-elf/bin/../lib/gcc/riscv32-esp-elf/12.2.0/../../../../riscv32-esp-elf/lib CMakeFiles/cmTC_491bc.dir/CMakeCXXCompilerABI.cpp.obj -lstdc++ -lm -lgcc -lc -lnosys -lc -lgcc --start-group -lgcc -lc -lnosys --end-group
/Users/senggee/.espressif/tools/riscv32-esp-elf/esp-12.2.0_20230208/riscv32-esp-elf/bin/../lib/gcc/riscv32-esp-elf/12.2.0/../../../../riscv32-esp-elf/bin/ld: warning: cannot find entry symbol _start; defaulting to 0000000000010074
COLLECT_GCC_OPTIONS='-nostartfiles' '-march=rv32imac_zicsr_zifencei' '-specs=nosys.specs' '-v' '-o' 'cmTC_491bc' '-mabi=ilp32' '-misa-spec=20191213' '-march=rv32imac_zicsr_zifencei' '-dumpdir' 'cmTC_491bc.'



Parsed CXX implicit include dir info from above output: rv=done
  found start of include info
  found start of implicit include info
    add: [/Users/senggee/.espressif/tools/riscv32-esp-elf/esp-12.2.0_20230208/riscv32-esp-elf/bin/../lib/gcc/riscv32-esp-elf/12.2.0/../../../../riscv32-esp-elf/include/c++/12.2.0]
    add: [/Users/senggee/.espressif/tools/riscv32-esp-elf/esp-12.2.0_20230208/riscv32-esp-elf/bin/../lib/gcc/riscv32-esp-elf/12.2.0/../../../../riscv32-esp-elf/include/c++/12.2.0/riscv32-esp-elf/rv32imac_zicsr_zifencei/ilp32]
    add: [/Users/senggee/.espressif/tools/riscv32-esp-elf/esp-12.2.0_20230208/riscv32-esp-elf/bin/../lib/gcc/riscv32-esp-elf/12.2.0/../../../../riscv32-esp-elf/include/c++/12.2.0/backward]
    add: [/Users/senggee/.espressif/tools/riscv32-esp-elf/esp-12.2.0_20230208/riscv32-esp-elf/bin/../lib/gcc/riscv32-esp-elf/12.2.0/include]
    add: [/Users/senggee/.espressif/tools/riscv32-esp-elf/esp-12.2.0_20230208/riscv32-esp-elf/bin/../lib/gcc/riscv32-esp-elf/12.2.0/include-fixed]
    add: [/Users/senggee/.espressif/tools/riscv32-esp-elf/esp-12.2.0_20230208/riscv32-esp-elf/bin/../lib/gcc/riscv32-esp-elf/12.2.0/../../../../riscv32-esp-elf/sys-include]
    add: [/Users/senggee/.espressif/tools/riscv32-esp-elf/esp-12.2.0_20230208/riscv32-esp-elf/bin/../lib/gcc/riscv32-esp-elf/12.2.0/../../../../riscv32-esp-elf/include]
  end of search list found
  collapse include dir [/Users/senggee/.espressif/tools/riscv32-esp-elf/esp-12.2.0_20230208/riscv32-esp-elf/bin/../lib/gcc/riscv32-esp-elf/12.2.0/../../../../riscv32-esp-elf/include/c++/12.2.0] ==> [/Users/senggee/.espressif/tools/riscv32-esp-elf/esp-12.2.0_20230208/riscv32-esp-elf/riscv32-esp-elf/include/c++/12.2.0]
  collapse include dir [/Users/senggee/.espressif/tools/riscv32-esp-elf/esp-12.2.0_20230208/riscv32-esp-elf/bin/../lib/gcc/riscv32-esp-elf/12.2.0/../../../../riscv32-esp-elf/include/c++/12.2.0/riscv32-esp-elf/rv32imac_zicsr_zifencei/ilp32] ==> [/Users/senggee/.espressif/tools/riscv32-esp-elf/esp-12.2.0_20230208/riscv32-esp-elf/riscv32-esp-elf/include/c++/12.2.0/riscv32-esp-elf/rv32imac_zicsr_zifencei/ilp32]
  collapse include dir [/Users/senggee/.espressif/tools/riscv32-esp-elf/esp-12.2.0_20230208/riscv32-esp-elf/bin/../lib/gcc/riscv32-esp-elf/12.2.0/../../../../riscv32-esp-elf/include/c++/12.2.0/backward] ==> [/Users/senggee/.espressif/tools/riscv32-esp-elf/esp-12.2.0_20230208/riscv32-esp-elf/riscv32-esp-elf/include/c++/12.2.0/backward]
  collapse include dir [/Users/senggee/.espressif/tools/riscv32-esp-elf/esp-12.2.0_20230208/riscv32-esp-elf/bin/../lib/gcc/riscv32-esp-elf/12.2.0/include] ==> [/Users/senggee/.espressif/tools/riscv32-esp-elf/esp-12.2.0_20230208/riscv32-esp-elf/lib/gcc/riscv32-esp-elf/12.2.0/include]
  collapse include dir [/Users/senggee/.espressif/tools/riscv32-esp-elf/esp-12.2.0_20230208/riscv32-esp-elf/bin/../lib/gcc/riscv32-esp-elf/12.2.0/include-fixed] ==> [/Users/senggee/.espressif/tools/riscv32-esp-elf/esp-12.2.0_20230208/riscv32-esp-elf/lib/gcc/riscv32-esp-elf/12.2.0/include-fixed]
  collapse include dir [/Users/senggee/.espressif/tools/riscv32-esp-elf/esp-12.2.0_20230208/riscv32-esp-elf/bin/../lib/gcc/riscv32-esp-elf/12.2.0/../../../../riscv32-esp-elf/sys-include] ==> [/Users/senggee/.espressif/tools/riscv32-esp-elf/esp-12.2.0_20230208/riscv32-esp-elf/riscv32-esp-elf/sys-include]
  collapse include dir [/Users/senggee/.espressif/tools/riscv32-esp-elf/esp-12.2.0_20230208/riscv32-esp-elf/bin/../lib/gcc/riscv32-esp-elf/12.2.0/../../../../riscv32-esp-elf/include] ==> [/Users/senggee/.espressif/tools/riscv32-esp-elf/esp-12.2.0_20230208/riscv32-esp-elf/riscv32-esp-elf/include]
  implicit include dirs: [/Users/senggee/.espressif/tools/riscv32-esp-elf/esp-12.2.0_20230208/riscv32-esp-elf/riscv32-esp-elf/include/c++/12.2.0;/Users/senggee/.espressif/tools/riscv32-esp-elf/esp-12.2.0_20230208/riscv32-esp-elf/riscv32-esp-elf/include/c++/12.2.0/riscv32-esp-elf/rv32imac_zicsr_zifencei/ilp32;/Users/senggee/.espressif/tools/riscv32-esp-elf/esp-12.2.0_20230208/riscv32-esp-elf/riscv32-esp-elf/include/c++/12.2.0/backward;/Users/senggee/.espressif/tools/riscv32-esp-elf/esp-12.2.0_20230208/riscv32-esp-elf/lib/gcc/riscv32-esp-elf/12.2.0/include;/Users/senggee/.espressif/tools/riscv32-esp-elf/esp-12.2.0_20230208/riscv32-esp-elf/lib/gcc/riscv32-esp-elf/12.2.0/include-fixed;/Users/senggee/.espressif/tools/riscv32-esp-elf/esp-12.2.0_20230208/riscv32-esp-elf/riscv32-esp-elf/sys-include;/Users/senggee/.espressif/tools/riscv32-esp-elf/esp-12.2.0_20230208/riscv32-esp-elf/riscv32-esp-elf/include]


Parsed CXX implicit link information from above output:
  link line regex: [^( *|.*[/\])(riscv32-esp-elf-ld|CMAKE_LINK_STARTFILE-NOTFOUND|([^/\]+-)?ld|collect2)[^/\]*( |$)]
  ignore line: [Change Dir: /Users/senggee/esp/hello_world/build/bootloader/CMakeFiles/CMakeTmp]
  ignore line: []
  ignore line: [Run Build Command(s):/usr/local/bin/ninja cmTC_491bc && [1/2] Building CXX object CMakeFiles/cmTC_491bc.dir/CMakeCXXCompilerABI.cpp.obj]
  ignore line: [Using built-in specs.]
  ignore line: [COLLECT_GCC=/Users/senggee/.espressif/tools/riscv32-esp-elf/esp-12.2.0_20230208/riscv32-esp-elf/bin/riscv32-esp-elf-g++]
  ignore line: [Target: riscv32-esp-elf]
  ignore line: [Configured with: /builds/idf/crosstool-NG/.build/HOST-x86_64-apple-darwin12/riscv32-esp-elf/src/gcc/configure --build=x86_64-build_pc-linux-gnu --host=x86_64-host_apple-darwin12 --target=riscv32-esp-elf --prefix=/builds/idf/crosstool-NG/builds/riscv32-esp-elf --exec_prefix=/builds/idf/crosstool-NG/builds/riscv32-esp-elf --with-local-prefix=/builds/idf/crosstool-NG/builds/riscv32-esp-elf/riscv32-esp-elf --with-headers=/builds/idf/crosstool-NG/builds/riscv32-esp-elf/riscv32-esp-elf/include --with-newlib --enable-threads=no --disable-shared --with-arch=rv32gc --with-abi=ilp32 --with-pkgversion='crosstool-NG esp-12.2.0_20230208' --disable-__cxa_atexit --enable-cxx-flags=-ffunction-sections --disable-libgomp --disable-libmudflap --disable-libmpx --disable-libssp --disable-libquadmath --disable-libquadmath-support --disable-libstdcxx-verbose --with-gmp=/builds/idf/crosstool-NG/.build/HOST-x86_64-apple-darwin12/riscv32-esp-elf/buildtools/complibs-host --with-mpfr=/builds/idf/crosstool-NG/.build/HOST-x86_64-apple-darwin12/riscv32-esp-elf/buildtools/complibs-host --with-mpc=/builds/idf/crosstool-NG/.build/HOST-x86_64-apple-darwin12/riscv32-esp-elf/buildtools/complibs-host --with-isl=/builds/idf/crosstool-NG/.build/HOST-x86_64-apple-darwin12/riscv32-esp-elf/buildtools/complibs-host --enable-lto --enable-target-optspace --without-long-double-128 --disable-nls --enable-multiarch --enable-languages=c c++ --disable-libstdcxx-verbose --enable-threads=posix --enable-gcov-custom-rtio --enable-libstdcxx-time=yes]
  ignore line: [Thread model: posix]
  ignore line: [Supported LTO compression algorithms: zlib]
  ignore line: [gcc version 12.2.0 (crosstool-NG esp-12.2.0_20230208) ]
  ignore line: [COLLECT_GCC_OPTIONS='-march=rv32imac_zicsr_zifencei' '-v' '-o' 'CMakeFiles/cmTC_491bc.dir/CMakeCXXCompilerABI.cpp.obj' '-c' '-mabi=ilp32' '-misa-spec=20191213' '-march=rv32imac_zicsr_zifencei' '-dumpdir' 'CMakeFiles/cmTC_491bc.dir/']
  ignore line: [ /Users/senggee/.espressif/tools/riscv32-esp-elf/esp-12.2.0_20230208/riscv32-esp-elf/bin/../libexec/gcc/riscv32-esp-elf/12.2.0/cc1plus -quiet -v -imultilib rv32imac_zicsr_zifencei/ilp32 -iprefix /Users/senggee/.espressif/tools/riscv32-esp-elf/esp-12.2.0_20230208/riscv32-esp-elf/bin/../lib/gcc/riscv32-esp-elf/12.2.0/ /opt/local/share/cmake-3.24/Modules/CMakeCXXCompilerABI.cpp -quiet -dumpdir CMakeFiles/cmTC_491bc.dir/ -dumpbase CMakeCXXCompilerABI.cpp.cpp -dumpbase-ext .cpp -march=rv32imac_zicsr_zifencei -mabi=ilp32 -misa-spec=20191213 -march=rv32imac_zicsr_zifencei -version -o /var/folders/27/v96qwkv50tx7zlp5zw4mrlc80000gn/T//cc6u8WMx.s]
  ignore line: [GNU C++17 (crosstool-NG esp-12.2.0_20230208) version 12.2.0 (riscv32-esp-elf)]
  ignore line: [	compiled by GNU C version 8.3.0  GMP version 6.2.1  MPFR version 4.1.0  MPC version 1.2.1  isl version isl-0.24-GMP]
  ignore line: []
  ignore line: [GGC heuristics: --param ggc-min-expand=100 --param ggc-min-heapsize=131072]
  ignore line: [ignoring duplicate directory "/Users/senggee/.espressif/tools/riscv32-esp-elf/esp-12.2.0_20230208/riscv32-esp-elf/bin/../lib/gcc/../../lib/gcc/riscv32-esp-elf/12.2.0/../../../../riscv32-esp-elf/include/c++/12.2.0"]
  ignore line: [ignoring duplicate directory "/Users/senggee/.espressif/tools/riscv32-esp-elf/esp-12.2.0_20230208/riscv32-esp-elf/bin/../lib/gcc/../../lib/gcc/riscv32-esp-elf/12.2.0/../../../../riscv32-esp-elf/include/c++/12.2.0/riscv32-esp-elf/rv32imac_zicsr_zifencei/ilp32"]
  ignore line: [ignoring duplicate directory "/Users/senggee/.espressif/tools/riscv32-esp-elf/esp-12.2.0_20230208/riscv32-esp-elf/bin/../lib/gcc/../../lib/gcc/riscv32-esp-elf/12.2.0/../../../../riscv32-esp-elf/include/c++/12.2.0/backward"]
  ignore line: [ignoring duplicate directory "/Users/senggee/.espressif/tools/riscv32-esp-elf/esp-12.2.0_20230208/riscv32-esp-elf/bin/../lib/gcc/../../lib/gcc/riscv32-esp-elf/12.2.0/include"]
  ignore line: [ignoring duplicate directory "/Users/senggee/.espressif/tools/riscv32-esp-elf/esp-12.2.0_20230208/riscv32-esp-elf/bin/../lib/gcc/../../lib/gcc/riscv32-esp-elf/12.2.0/include-fixed"]
  ignore line: [ignoring duplicate directory "/Users/senggee/.espressif/tools/riscv32-esp-elf/esp-12.2.0_20230208/riscv32-esp-elf/bin/../lib/gcc/../../lib/gcc/riscv32-esp-elf/12.2.0/../../../../riscv32-esp-elf/sys-include"]
  ignore line: [ignoring duplicate directory "/Users/senggee/.espressif/tools/riscv32-esp-elf/esp-12.2.0_20230208/riscv32-esp-elf/bin/../lib/gcc/../../lib/gcc/riscv32-esp-elf/12.2.0/../../../../riscv32-esp-elf/include"]
  ignore line: [#include "..." search starts here:]
  ignore line: [#include <...> search starts here:]
  ignore line: [ /Users/senggee/.espressif/tools/riscv32-esp-elf/esp-12.2.0_20230208/riscv32-esp-elf/bin/../lib/gcc/riscv32-esp-elf/12.2.0/../../../../riscv32-esp-elf/include/c++/12.2.0]
  ignore line: [ /Users/senggee/.espressif/tools/riscv32-esp-elf/esp-12.2.0_20230208/riscv32-esp-elf/bin/../lib/gcc/riscv32-esp-elf/12.2.0/../../../../riscv32-esp-elf/include/c++/12.2.0/riscv32-esp-elf/rv32imac_zicsr_zifencei/ilp32]
  ignore line: [ /Users/senggee/.espressif/tools/riscv32-esp-elf/esp-12.2.0_20230208/riscv32-esp-elf/bin/../lib/gcc/riscv32-esp-elf/12.2.0/../../../../riscv32-esp-elf/include/c++/12.2.0/backward]
  ignore line: [ /Users/senggee/.espressif/tools/riscv32-esp-elf/esp-12.2.0_20230208/riscv32-esp-elf/bin/../lib/gcc/riscv32-esp-elf/12.2.0/include]
  ignore line: [ /Users/senggee/.espressif/tools/riscv32-esp-elf/esp-12.2.0_20230208/riscv32-esp-elf/bin/../lib/gcc/riscv32-esp-elf/12.2.0/include-fixed]
  ignore line: [ /Users/senggee/.espressif/tools/riscv32-esp-elf/esp-12.2.0_20230208/riscv32-esp-elf/bin/../lib/gcc/riscv32-esp-elf/12.2.0/../../../../riscv32-esp-elf/sys-include]
  ignore line: [ /Users/senggee/.espressif/tools/riscv32-esp-elf/esp-12.2.0_20230208/riscv32-esp-elf/bin/../lib/gcc/riscv32-esp-elf/12.2.0/../../../../riscv32-esp-elf/include]
  ignore line: [End of search list.]
  ignore line: [GNU C++17 (crosstool-NG esp-12.2.0_20230208) version 12.2.0 (riscv32-esp-elf)]
  ignore line: [	compiled by GNU C version 8.3.0  GMP version 6.2.1  MPFR version 4.1.0  MPC version 1.2.1  isl version isl-0.24-GMP]
  ignore line: []
  ignore line: [GGC heuristics: --param ggc-min-expand=100 --param ggc-min-heapsize=131072]
  ignore line: [Compiler executable checksum: a9aff4b405db2450d47902938b4f41f4]
  ignore line: [COLLECT_GCC_OPTIONS='-march=rv32imac_zicsr_zifencei' '-v' '-o' 'CMakeFiles/cmTC_491bc.dir/CMakeCXXCompilerABI.cpp.obj' '-c' '-mabi=ilp32' '-misa-spec=20191213' '-march=rv32imac_zicsr_zifencei' '-dumpdir' 'CMakeFiles/cmTC_491bc.dir/']
  ignore line: [ /Users/senggee/.espressif/tools/riscv32-esp-elf/esp-12.2.0_20230208/riscv32-esp-elf/bin/../lib/gcc/riscv32-esp-elf/12.2.0/../../../../riscv32-esp-elf/bin/as -v --traditional-format -march=rv32imac_zicsr_zifencei -march=rv32imac_zicsr_zifencei -mabi=ilp32 -misa-spec=20191213 -o CMakeFiles/cmTC_491bc.dir/CMakeCXXCompilerABI.cpp.obj /var/folders/27/v96qwkv50tx7zlp5zw4mrlc80000gn/T//cc6u8WMx.s]
  ignore line: [GNU assembler version 2.39.0 (riscv32-esp-elf) using BFD version (crosstool-NG esp-12.2.0_20230208) 2.39.0.20220915]
  ignore line: [COMPILER_PATH=/Users/senggee/.espressif/tools/riscv32-esp-elf/esp-12.2.0_20230208/riscv32-esp-elf/bin/../libexec/gcc/riscv32-esp-elf/12.2.0/:/Users/senggee/.espressif/tools/riscv32-esp-elf/esp-12.2.0_20230208/riscv32-esp-elf/bin/../libexec/gcc/:/Users/senggee/.espressif/tools/riscv32-esp-elf/esp-12.2.0_20230208/riscv32-esp-elf/bin/../lib/gcc/riscv32-esp-elf/12.2.0/../../../../riscv32-esp-elf/bin/]
  ignore line: [LIBRARY_PATH=/Users/senggee/.espressif/tools/riscv32-esp-elf/esp-12.2.0_20230208/riscv32-esp-elf/bin/../lib/gcc/riscv32-esp-elf/12.2.0/rv32imac_zicsr_zifencei/ilp32/:/Users/senggee/.espressif/tools/riscv32-esp-elf/esp-12.2.0_20230208/riscv32-esp-elf/bin/../lib/gcc/riscv32-esp-elf/12.2.0/../../../../riscv32-esp-elf/lib/rv32imac_zicsr_zifencei/ilp32/:/Users/senggee/.espressif/tools/riscv32-esp-elf/esp-12.2.0_20230208/riscv32-esp-elf/bin/../lib/gcc/riscv32-esp-elf/12.2.0/:/Users/senggee/.espressif/tools/riscv32-esp-elf/esp-12.2.0_20230208/riscv32-esp-elf/bin/../lib/gcc/:/Users/senggee/.espressif/tools/riscv32-esp-elf/esp-12.2.0_20230208/riscv32-esp-elf/bin/../lib/gcc/riscv32-esp-elf/12.2.0/../../../../riscv32-esp-elf/lib/]
  ignore line: [COLLECT_GCC_OPTIONS='-march=rv32imac_zicsr_zifencei' '-v' '-o' 'CMakeFiles/cmTC_491bc.dir/CMakeCXXCompilerABI.cpp.obj' '-c' '-mabi=ilp32' '-misa-spec=20191213' '-march=rv32imac_zicsr_zifencei' '-dumpdir' 'CMakeFiles/cmTC_491bc.dir/CMakeCXXCompilerABI.cpp.']
  ignore line: [[2/2] Linking CXX executable cmTC_491bc]
  ignore line: [Using built-in specs.]
  ignore line: [Reading specs from /Users/senggee/.espressif/tools/riscv32-esp-elf/esp-12.2.0_20230208/riscv32-esp-elf/bin/../lib/gcc/riscv32-esp-elf/12.2.0/../../../../riscv32-esp-elf/lib/nosys.specs]
  ignore line: [rename spec link_gcc_c_sequence to nosys_link_gcc_c_sequence]
  ignore line: [COLLECT_GCC=/Users/senggee/.espressif/tools/riscv32-esp-elf/esp-12.2.0_20230208/riscv32-esp-elf/bin/riscv32-esp-elf-g++]
  ignore line: [COLLECT_LTO_WRAPPER=/Users/senggee/.espressif/tools/riscv32-esp-elf/esp-12.2.0_20230208/riscv32-esp-elf/bin/../libexec/gcc/riscv32-esp-elf/12.2.0/lto-wrapper]
  ignore line: [Target: riscv32-esp-elf]
  ignore line: [Configured with: /builds/idf/crosstool-NG/.build/HOST-x86_64-apple-darwin12/riscv32-esp-elf/src/gcc/configure --build=x86_64-build_pc-linux-gnu --host=x86_64-host_apple-darwin12 --target=riscv32-esp-elf --prefix=/builds/idf/crosstool-NG/builds/riscv32-esp-elf --exec_prefix=/builds/idf/crosstool-NG/builds/riscv32-esp-elf --with-local-prefix=/builds/idf/crosstool-NG/builds/riscv32-esp-elf/riscv32-esp-elf --with-headers=/builds/idf/crosstool-NG/builds/riscv32-esp-elf/riscv32-esp-elf/include --with-newlib --enable-threads=no --disable-shared --with-arch=rv32gc --with-abi=ilp32 --with-pkgversion='crosstool-NG esp-12.2.0_20230208' --disable-__cxa_atexit --enable-cxx-flags=-ffunction-sections --disable-libgomp --disable-libmudflap --disable-libmpx --disable-libssp --disable-libquadmath --disable-libquadmath-support --disable-libstdcxx-verbose --with-gmp=/builds/idf/crosstool-NG/.build/HOST-x86_64-apple-darwin12/riscv32-esp-elf/buildtools/complibs-host --with-mpfr=/builds/idf/crosstool-NG/.build/HOST-x86_64-apple-darwin12/riscv32-esp-elf/buildtools/complibs-host --with-mpc=/builds/idf/crosstool-NG/.build/HOST-x86_64-apple-darwin12/riscv32-esp-elf/buildtools/complibs-host --with-isl=/builds/idf/crosstool-NG/.build/HOST-x86_64-apple-darwin12/riscv32-esp-elf/buildtools/complibs-host --enable-lto --enable-target-optspace --without-long-double-128 --disable-nls --enable-multiarch --enable-languages=c c++ --disable-libstdcxx-verbose --enable-threads=posix --enable-gcov-custom-rtio --enable-libstdcxx-time=yes]
  ignore line: [Thread model: posix]
  ignore line: [Supported LTO compression algorithms: zlib]
  ignore line: [gcc version 12.2.0 (crosstool-NG esp-12.2.0_20230208) ]
  ignore line: [COMPILER_PATH=/Users/senggee/.espressif/tools/riscv32-esp-elf/esp-12.2.0_20230208/riscv32-esp-elf/bin/../libexec/gcc/riscv32-esp-elf/12.2.0/:/Users/senggee/.espressif/tools/riscv32-esp-elf/esp-12.2.0_20230208/riscv32-esp-elf/bin/../libexec/gcc/:/Users/senggee/.espressif/tools/riscv32-esp-elf/esp-12.2.0_20230208/riscv32-esp-elf/bin/../lib/gcc/riscv32-esp-elf/12.2.0/../../../../riscv32-esp-elf/bin/]
  ignore line: [LIBRARY_PATH=/Users/senggee/.espressif/tools/riscv32-esp-elf/esp-12.2.0_20230208/riscv32-esp-elf/bin/../lib/gcc/riscv32-esp-elf/12.2.0/rv32imac_zicsr_zifencei/ilp32/:/Users/senggee/.espressif/tools/riscv32-esp-elf/esp-12.2.0_20230208/riscv32-esp-elf/bin/../lib/gcc/riscv32-esp-elf/12.2.0/../../../../riscv32-esp-elf/lib/rv32imac_zicsr_zifencei/ilp32/:/Users/senggee/.espressif/tools/riscv32-esp-elf/esp-12.2.0_20230208/riscv32-esp-elf/bin/../lib/gcc/riscv32-esp-elf/12.2.0/:/Users/senggee/.espressif/tools/riscv32-esp-elf/esp-12.2.0_20230208/riscv32-esp-elf/bin/../lib/gcc/:/Users/senggee/.espressif/tools/riscv32-esp-elf/esp-12.2.0_20230208/riscv32-esp-elf/bin/../lib/gcc/riscv32-esp-elf/12.2.0/../../../../riscv32-esp-elf/lib/]
  ignore line: [COLLECT_GCC_OPTIONS='-nostartfiles' '-march=rv32imac_zicsr_zifencei' '-specs=nosys.specs' '-v' '-o' 'cmTC_491bc' '-mabi=ilp32' '-misa-spec=20191213' '-march=rv32imac_zicsr_zifencei' '-dumpdir' 'cmTC_491bc.']
  link line: [ /Users/senggee/.espressif/tools/riscv32-esp-elf/esp-12.2.0_20230208/riscv32-esp-elf/bin/../libexec/gcc/riscv32-esp-elf/12.2.0/collect2 -plugin /Users/senggee/.espressif/tools/riscv32-esp-elf/esp-12.2.0_20230208/riscv32-esp-elf/bin/../libexec/gcc/riscv32-esp-elf/12.2.0/liblto_plugin.so -plugin-opt=/Users/senggee/.espressif/tools/riscv32-esp-elf/esp-12.2.0_20230208/riscv32-esp-elf/bin/../libexec/gcc/riscv32-esp-elf/12.2.0/lto-wrapper -plugin-opt=-fresolution=/var/folders/27/v96qwkv50tx7zlp5zw4mrlc80000gn/T//ccI0LOno.res -plugin-opt=-pass-through=-lgcc -plugin-opt=-pass-through=-lc -plugin-opt=-pass-through=-lnosys -plugin-opt=-pass-through=-lc -plugin-opt=-pass-through=-lgcc -plugin-opt=-pass-through=-lgcc -plugin-opt=-pass-through=-lc -plugin-opt=-pass-through=-lnosys -melf32lriscv -o cmTC_491bc -L/Users/senggee/.espressif/tools/riscv32-esp-elf/esp-12.2.0_20230208/riscv32-esp-elf/bin/../lib/gcc/riscv32-esp-elf/12.2.0/rv32imac_zicsr_zifencei/ilp32 -L/Users/senggee/.espressif/tools/riscv32-esp-elf/esp-12.2.0_20230208/riscv32-esp-elf/bin/../lib/gcc/riscv32-esp-elf/12.2.0/../../../../riscv32-esp-elf/lib/rv32imac_zicsr_zifencei/ilp32 -L/Users/senggee/.espressif/tools/riscv32-esp-elf/esp-12.2.0_20230208/riscv32-esp-elf/bin/../lib/gcc/riscv32-esp-elf/12.2.0 -L/Users/senggee/.espressif/tools/riscv32-esp-elf/esp-12.2.0_20230208/riscv32-esp-elf/bin/../lib/gcc -L/Users/senggee/.espressif/tools/riscv32-esp-elf/esp-12.2.0_20230208/riscv32-esp-elf/bin/../lib/gcc/riscv32-esp-elf/12.2.0/../../../../riscv32-esp-elf/lib CMakeFiles/cmTC_491bc.dir/CMakeCXXCompilerABI.cpp.obj -lstdc++ -lm -lgcc -lc -lnosys -lc -lgcc --start-group -lgcc -lc -lnosys --end-group]
    arg [/Users/senggee/.espressif/tools/riscv32-esp-elf/esp-12.2.0_20230208/riscv32-esp-elf/bin/../libexec/gcc/riscv32-esp-elf/12.2.0/collect2] ==> ignore
    arg [-plugin] ==> ignore
    arg [/Users/senggee/.espressif/tools/riscv32-esp-elf/esp-12.2.0_20230208/riscv32-esp-elf/bin/../libexec/gcc/riscv32-esp-elf/12.2.0/liblto_plugin.so] ==> ignore
    arg [-plugin-opt=/Users/senggee/.espressif/tools/riscv32-esp-elf/esp-12.2.0_20230208/riscv32-esp-elf/bin/../libexec/gcc/riscv32-esp-elf/12.2.0/lto-wrapper] ==> ignore
    arg [-plugin-opt=-fresolution=/var/folders/27/v96qwkv50tx7zlp5zw4mrlc80000gn/T//ccI0LOno.res] ==> ignore
    arg [-plugin-opt=-pass-through=-lgcc] ==> ignore
    arg [-plugin-opt=-pass-through=-lc] ==> ignore
    arg [-plugin-opt=-pass-through=-lnosys] ==> ignore
    arg [-plugin-opt=-pass-through=-lc] ==> ignore
    arg [-plugin-opt=-pass-through=-lgcc] ==> ignore
    arg [-plugin-opt=-pass-through=-lgcc] ==> ignore
    arg [-plugin-opt=-pass-through=-lc] ==> ignore
    arg [-plugin-opt=-pass-through=-lnosys] ==> ignore
    arg [-melf32lriscv] ==> ignore
    arg [-o] ==> ignore
    arg [cmTC_491bc] ==> ignore
    arg [-L/Users/senggee/.espressif/tools/riscv32-esp-elf/esp-12.2.0_20230208/riscv32-esp-elf/bin/../lib/gcc/riscv32-esp-elf/12.2.0/rv32imac_zicsr_zifencei/ilp32] ==> dir [/Users/senggee/.espressif/tools/riscv32-esp-elf/esp-12.2.0_20230208/riscv32-esp-elf/bin/../lib/gcc/riscv32-esp-elf/12.2.0/rv32imac_zicsr_zifencei/ilp32]
    arg [-L/Users/senggee/.espressif/tools/riscv32-esp-elf/esp-12.2.0_20230208/riscv32-esp-elf/bin/../lib/gcc/riscv32-esp-elf/12.2.0/../../../../riscv32-esp-elf/lib/rv32imac_zicsr_zifencei/ilp32] ==> dir [/Users/senggee/.espressif/tools/riscv32-esp-elf/esp-12.2.0_20230208/riscv32-esp-elf/bin/../lib/gcc/riscv32-esp-elf/12.2.0/../../../../riscv32-esp-elf/lib/rv32imac_zicsr_zifencei/ilp32]
    arg [-L/Users/senggee/.espressif/tools/riscv32-esp-elf/esp-12.2.0_20230208/riscv32-esp-elf/bin/../lib/gcc/riscv32-esp-elf/12.2.0] ==> dir [/Users/senggee/.espressif/tools/riscv32-esp-elf/esp-12.2.0_20230208/riscv32-esp-elf/bin/../lib/gcc/riscv32-esp-elf/12.2.0]
    arg [-L/Users/senggee/.espressif/tools/riscv32-esp-elf/esp-12.2.0_20230208/riscv32-esp-elf/bin/../lib/gcc] ==> dir [/Users/senggee/.espressif/tools/riscv32-esp-elf/esp-12.2.0_20230208/riscv32-esp-elf/bin/../lib/gcc]
    arg [-L/Users/senggee/.espressif/tools/riscv32-esp-elf/esp-12.2.0_20230208/riscv32-esp-elf/bin/../lib/gcc/riscv32-esp-elf/12.2.0/../../../../riscv32-esp-elf/lib] ==> dir [/Users/senggee/.espressif/tools/riscv32-esp-elf/esp-12.2.0_20230208/riscv32-esp-elf/bin/../lib/gcc/riscv32-esp-elf/12.2.0/../../../../riscv32-esp-elf/lib]
    arg [CMakeFiles/cmTC_491bc.dir/CMakeCXXCompilerABI.cpp.obj] ==> ignore
    arg [-lstdc++] ==> lib [stdc++]
    arg [-lm] ==> lib [m]
    arg [-lgcc] ==> lib [gcc]
    arg [-lc] ==> lib [c]
    arg [-lnosys] ==> lib [nosys]
    arg [-lc] ==> lib [c]
    arg [-lgcc] ==> lib [gcc]
    arg [--start-group] ==> ignore
    arg [-lgcc] ==> lib [gcc]
    arg [-lc] ==> lib [c]
    arg [-lnosys] ==> lib [nosys]
    arg [--end-group] ==> ignore
  collapse library dir [/Users/senggee/.espressif/tools/riscv32-esp-elf/esp-12.2.0_20230208/riscv32-esp-elf/bin/../lib/gcc/riscv32-esp-elf/12.2.0/rv32imac_zicsr_zifencei/ilp32] ==> [/Users/senggee/.espressif/tools/riscv32-esp-elf/esp-12.2.0_20230208/riscv32-esp-elf/lib/gcc/riscv32-esp-elf/12.2.0/rv32imac_zicsr_zifencei/ilp32]
  collapse library dir [/Users/senggee/.espressif/tools/riscv32-esp-elf/esp-12.2.0_20230208/riscv32-esp-elf/bin/../lib/gcc/riscv32-esp-elf/12.2.0/../../../../riscv32-esp-elf/lib/rv32imac_zicsr_zifencei/ilp32] ==> [/Users/senggee/.espressif/tools/riscv32-esp-elf/esp-12.2.0_20230208/riscv32-esp-elf/riscv32-esp-elf/lib/rv32imac_zicsr_zifencei/ilp32]
  collapse library dir [/Users/senggee/.espressif/tools/riscv32-esp-elf/esp-12.2.0_20230208/riscv32-esp-elf/bin/../lib/gcc/riscv32-esp-elf/12.2.0] ==> [/Users/senggee/.espressif/tools/riscv32-esp-elf/esp-12.2.0_20230208/riscv32-esp-elf/lib/gcc/riscv32-esp-elf/12.2.0]
  collapse library dir [/Users/senggee/.espressif/tools/riscv32-esp-elf/esp-12.2.0_20230208/riscv32-esp-elf/bin/../lib/gcc] ==> [/Users/senggee/.espressif/tools/riscv32-esp-elf/esp-12.2.0_20230208/riscv32-esp-elf/lib/gcc]
  collapse library dir [/Users/senggee/.espressif/tools/riscv32-esp-elf/esp-12.2.0_20230208/riscv32-esp-elf/bin/../lib/gcc/riscv32-esp-elf/12.2.0/../../../../riscv32-esp-elf/lib] ==> [/Users/senggee/.espressif/tools/riscv32-esp-elf/esp-12.2.0_20230208/riscv32-esp-elf/riscv32-esp-elf/lib]
  implicit libs: [stdc++;m;gcc;c;nosys;c;gcc;gcc;c;nosys]
  implicit objs: []
  implicit dirs: [/Users/senggee/.espressif/tools/riscv32-esp-elf/esp-12.2.0_20230208/riscv32-esp-elf/lib/gcc/riscv32-esp-elf/12.2.0/rv32imac_zicsr_zifencei/ilp32;/Users/senggee/.espressif/tools/riscv32-esp-elf/esp-12.2.0_20230208/riscv32-esp-elf/riscv32-esp-elf/lib/rv32imac_zicsr_zifencei/ilp32;/Users/senggee/.espressif/tools/riscv32-esp-elf/esp-12.2.0_20230208/riscv32-esp-elf/lib/gcc/riscv32-esp-elf/12.2.0;/Users/senggee/.espressif/tools/riscv32-esp-elf/esp-12.2.0_20230208/riscv32-esp-elf/lib/gcc;/Users/senggee/.espressif/tools/riscv32-esp-elf/esp-12.2.0_20230208/riscv32-esp-elf/riscv32-esp-elf/lib]
  implicit fwks: []


Determining if the include file sys/types.h exists passed with the following output:
Change Dir: /Users/senggee/esp/hello_world/build/bootloader/CMakeFiles/CMakeTmp

Run Build Command(s):/usr/local/bin/ninja cmTC_f4973 && [1/2] Building C object CMakeFiles/cmTC_f4973.dir/CheckIncludeFile.c.obj
[2/2] Linking C executable cmTC_f4973
/Users/senggee/.espressif/tools/riscv32-esp-elf/esp-12.2.0_20230208/riscv32-esp-elf/bin/../lib/gcc/riscv32-esp-elf/12.2.0/../../../../riscv32-esp-elf/bin/ld: warning: cannot find entry symbol _start; defaulting to 0000000000010074



Determining if the include file stdint.h exists passed with the following output:
Change Dir: /Users/senggee/esp/hello_world/build/bootloader/CMakeFiles/CMakeTmp

Run Build Command(s):/usr/local/bin/ninja cmTC_ca726 && [1/2] Building C object CMakeFiles/cmTC_ca726.dir/CheckIncludeFile.c.obj
[2/2] Linking C executable cmTC_ca726
/Users/senggee/.espressif/tools/riscv32-esp-elf/esp-12.2.0_20230208/riscv32-esp-elf/bin/../lib/gcc/riscv32-esp-elf/12.2.0/../../../../riscv32-esp-elf/bin/ld: warning: cannot find entry symbol _start; defaulting to 0000000000010074



Determining if the include file stddef.h exists passed with the following output:
Change Dir: /Users/senggee/esp/hello_world/build/bootloader/CMakeFiles/CMakeTmp

Run Build Command(s):/usr/local/bin/ninja cmTC_e84d8 && [1/2] Building C object CMakeFiles/cmTC_e84d8.dir/CheckIncludeFile.c.obj
[2/2] Linking C executable cmTC_e84d8
/Users/senggee/.espressif/tools/riscv32-esp-elf/esp-12.2.0_20230208/riscv32-esp-elf/bin/../lib/gcc/riscv32-esp-elf/12.2.0/../../../../riscv32-esp-elf/bin/ld: warning: cannot find entry symbol _start; defaulting to 0000000000010074



Determining size of time_t passed with the following output:
Change Dir: /Users/senggee/esp/hello_world/build/bootloader/CMakeFiles/CMakeTmp

Run Build Command(s):/usr/local/bin/ninja cmTC_6cfb9 && [1/2] Building C object CMakeFiles/cmTC_6cfb9.dir/TIME_T_SIZE.c.obj
[2/2] Linking C executable cmTC_6cfb9
/Users/senggee/.espressif/tools/riscv32-esp-elf/esp-12.2.0_20230208/riscv32-esp-elf/bin/../lib/gcc/riscv32-esp-elf/12.2.0/../../../../riscv32-esp-elf/bin/ld: warning: cannot find entry symbol _start; defaulting to 0000000000010094



